#
# There is insufficient memory for the Java Runtime Environment to continue.
# Native memory allocation (mmap) failed to map 65536 bytes for Failed to commit metaspace.
# Possible reasons:
#   The system is out of physical RAM or swap space
#   The process is running with CompressedOops enabled, and the Java Heap may be blocking the growth of the native heap
# Possible solutions:
#   Reduce memory load on the system
#   Increase physical memory or swap space
#   Check if swap backing store is full
#   Decrease Java heap size (-Xmx/-Xms)
#   Decrease number of Java threads
#   Decrease Java thread stack sizes (-Xss)
#   Set larger code cache with -XX:ReservedCodeCacheSize=
#   JVM is running with Unscaled Compressed Oops mode in which the Java heap is
#     placed in the first 4GB address space. The Java Heap base address is the
#     maximum limit for the native heap growth. Please use -XX:HeapBaseMinAddress
#     to set the Java Heap base and to place the Java Heap above 4GB virtual address.
# This output file may be truncated or incomplete.
#
#  Out of Memory Error (virtualSpaceNode.cpp:108), pid=6248, tid=1284
#
# JRE version: OpenJDK Runtime Environment (16.0.2+7) (build 16.0.2+7-67)
# Java VM: OpenJDK 64-Bit Server VM (16.0.2+7-67, mixed mode, tiered, compressed oops, compressed class ptrs, g1 gc, windows-amd64)
# No core dump will be written. Minidumps are not enabled by default on client versions of Windows
#

---------------  S U M M A R Y ------------

Command Line: -Dfile.encoding=UTF-8 -XX:+ShowCodeDetailsInExceptionMessages View.DetailBill

Host: Intel(R) Core(TM) i5-4200M CPU @ 2.50GHz, 4 cores, 3G,  Windows 10 , 64 bit Build 19041 (10.0.19041.1466)
Time: Tue Jan 25 20:56:13 2022 SE Asia Standard Time elapsed time: 1.191508 seconds (0d 0h 0m 1s)

---------------  T H R E A D  ---------------

Current thread (0x0000023141159030):  JavaThread "main" [_thread_in_vm, id=1284, stack(0x0000003490700000,0x0000003490800000)]

Stack: [0x0000003490700000,0x0000003490800000]
Native frames: (J=compiled Java code, j=interpreted, Vv=VM code, C=native code)
V  [jvm.dll+0x6681ca]
V  [jvm.dll+0x7c9e69]
V  [jvm.dll+0x7cb61e]
V  [jvm.dll+0x7cbc73]
V  [jvm.dll+0x242c55]
V  [jvm.dll+0x7c64eb]
V  [jvm.dll+0x60ddd6]
V  [jvm.dll+0x60de3a]
V  [jvm.dll+0x61046a]
V  [jvm.dll+0x60e6d1]
V  [jvm.dll+0x238440]
V  [jvm.dll+0x1ea2df]
V  [jvm.dll+0x1df631]
V  [jvm.dll+0x535ff8]
V  [jvm.dll+0x1f0d52]
V  [jvm.dll+0x741863]
V  [jvm.dll+0x743108]
V  [jvm.dll+0x743433]
V  [jvm.dll+0x23ab24]
V  [jvm.dll+0x375531]
C  0x00000231446fc224

Java frames: (J=compiled Java code, j=interpreted, Vv=VM code)
j  sun.security.provider.Sun.<init>()V+13 java.base@16.0.2
j  sun.security.jca.ProviderConfig.getProvider()Ljava/security/Provider;+48 java.base@16.0.2
j  sun.security.jca.ProviderList.getProvider(I)Ljava/security/Provider;+6 java.base@16.0.2
j  sun.security.jca.ProviderList.getIndex(Ljava/lang/String;)I+13 java.base@16.0.2
j  sun.security.jca.ProviderList.getProviderConfig(Ljava/lang/String;)Lsun/security/jca/ProviderConfig;+2 java.base@16.0.2
j  sun.security.jca.ProviderList.getProvider(Ljava/lang/String;)Ljava/security/Provider;+2 java.base@16.0.2
j  sun.security.jca.Providers.startJarVerification()Ljava/lang/Object;+15 java.base@16.0.2
j  sun.security.util.SignatureFileVerifier.<init>(Ljava/util/ArrayList;Lsun/security/util/ManifestDigester;Ljava/lang/String;[B)V+28 java.base@16.0.2
j  java.util.jar.JarVerifier.processEntry(Lsun/security/util/ManifestEntryVerifier;)V+315 java.base@16.0.2
j  java.util.jar.JarVerifier.update(I[BIILsun/security/util/ManifestEntryVerifier;)V+39 java.base@16.0.2
j  java.util.jar.JarFile.initializeVerifier()V+157 java.base@16.0.2
j  java.util.jar.JarFile.ensureInitialization()V+41 java.base@16.0.2
j  java.util.jar.JavaUtilJarAccessImpl.ensureInitialization(Ljava/util/jar/JarFile;)V+1 java.base@16.0.2
j  jdk.internal.loader.URLClassPath$JarLoader$2.getManifest()Ljava/util/jar/Manifest;+10 java.base@16.0.2
j  jdk.internal.loader.BuiltinClassLoader.defineClass(Ljava/lang/String;Ljdk/internal/loader/Resource;)Ljava/lang/Class;+29 java.base@16.0.2
j  jdk.internal.loader.BuiltinClassLoader.findClassOnClassPathOrNull(Ljava/lang/String;)Ljava/lang/Class;+37 java.base@16.0.2
j  jdk.internal.loader.BuiltinClassLoader.loadClassOrNull(Ljava/lang/String;Z)Ljava/lang/Class;+111 java.base@16.0.2
j  jdk.internal.loader.BuiltinClassLoader.loadClass(Ljava/lang/String;Z)Ljava/lang/Class;+3 java.base@16.0.2
j  jdk.internal.loader.ClassLoaders$AppClassLoader.loadClass(Ljava/lang/String;Z)Ljava/lang/Class;+36 java.base@16.0.2
j  java.lang.ClassLoader.loadClass(Ljava/lang/String;)Ljava/lang/Class;+3 java.base@16.0.2
v  ~StubRoutines::call_stub
j  java.lang.Class.forName0(Ljava/lang/String;ZLjava/lang/ClassLoader;Ljava/lang/Class;)Ljava/lang/Class;+0 java.base@16.0.2
j  java.lang.Class.forName(Ljava/lang/String;)Ljava/lang/Class;+11 java.base@16.0.2
j  DBConnection.DBConnection.connectSQL()Ljava/sql/Connection;+2
j  View.DetailBill.loadData2()V+23
j  View.DetailBill.<init>()V+1261
j  View.DetailBill.main([Ljava/lang/String;)V+4
v  ~StubRoutines::call_stub

---------------  P R O C E S S  ---------------

Threads class SMR info:
_java_thread_list=0x00000231590bb6c0, length=16, elements={
0x0000023141159030, 0x00000231580d3020, 0x00000231580d5290, 0x0000023158107400,
0x0000023158109e20, 0x000002315810a820, 0x000002315810c230, 0x000002315810cf60,
0x0000023158c0b970, 0x0000023158c0e780, 0x0000023158d16e90, 0x0000023158d2da20,
0x0000023159012870, 0x0000023159012d90, 0x00000231590132b0, 0x00000231590e52d0
}

Java Threads: ( => current thread )
=>0x0000023141159030 JavaThread "main" [_thread_in_vm, id=1284, stack(0x0000003490700000,0x0000003490800000)]
  0x00000231580d3020 JavaThread "Reference Handler" daemon [_thread_blocked, id=12812, stack(0x0000003490e00000,0x0000003490f00000)]
  0x00000231580d5290 JavaThread "Finalizer" daemon [_thread_blocked, id=9136, stack(0x0000003490f00000,0x0000003491000000)]
  0x0000023158107400 JavaThread "Signal Dispatcher" daemon [_thread_blocked, id=10632, stack(0x0000003491000000,0x0000003491100000)]
  0x0000023158109e20 JavaThread "Attach Listener" daemon [_thread_blocked, id=216, stack(0x0000003491100000,0x0000003491200000)]
  0x000002315810a820 JavaThread "Service Thread" daemon [_thread_blocked, id=11376, stack(0x0000003491200000,0x0000003491300000)]
  0x000002315810c230 JavaThread "Monitor Deflation Thread" daemon [_thread_blocked, id=5668, stack(0x0000003491300000,0x0000003491400000)]
  0x000002315810cf60 JavaThread "C2 CompilerThread0" daemon [_thread_blocked, id=2656, stack(0x0000003491400000,0x0000003491500000)]
  0x0000023158c0b970 JavaThread "C1 CompilerThread0" daemon [_thread_blocked, id=4168, stack(0x0000003491500000,0x0000003491600000)]
  0x0000023158c0e780 JavaThread "Sweeper thread" daemon [_thread_blocked, id=13316, stack(0x0000003491600000,0x0000003491700000)]
  0x0000023158d16e90 JavaThread "Notification Thread" daemon [_thread_blocked, id=12948, stack(0x0000003491700000,0x0000003491800000)]
  0x0000023158d2da20 JavaThread "Common-Cleaner" daemon [_thread_blocked, id=12576, stack(0x0000003491900000,0x0000003491a00000)]
  0x0000023159012870 JavaThread "Java2D Disposer" daemon [_thread_blocked, id=7520, stack(0x0000003491a00000,0x0000003491b00000)]
  0x0000023159012d90 JavaThread "AWT-Shutdown" [_thread_blocked, id=9552, stack(0x0000003491b00000,0x0000003491c00000)]
  0x00000231590132b0 JavaThread "AWT-Windows" daemon [_thread_in_native, id=6776, stack(0x0000003491c00000,0x0000003491d00000)]
  0x00000231590e52d0 JavaThread "AWT-EventQueue-0" [_thread_blocked, id=2860, stack(0x0000003491d00000,0x0000003491e00000)]

Other Threads:
  0x00000231580bcb80 VMThread "VM Thread" [stack: 0x0000003490d00000,0x0000003490e00000] [id=1232]
  0x0000023158d193c0 WatcherThread [stack: 0x0000003491800000,0x0000003491900000] [id=8180]
  0x0000023141186fe0 GCTaskThread "GC Thread#0" [stack: 0x0000003490800000,0x0000003490900000] [id=7824]
  0x000002314118feb0 ConcurrentGCThread "G1 Main Marker" [stack: 0x0000003490900000,0x0000003490a00000] [id=700]
  0x0000023141192290 ConcurrentGCThread "G1 Conc#0" [stack: 0x0000003490a00000,0x0000003490b00000] [id=12552]
  0x00000231411df4b0 ConcurrentGCThread "G1 Refine#0" [stack: 0x0000003490b00000,0x0000003490c00000] [id=11744]
  0x00000231411e16e0 ConcurrentGCThread "G1 Service" [stack: 0x0000003490c00000,0x0000003490d00000] [id=9236]

Threads with active compile tasks:

VM state: not at safepoint (normal execution)

VM Mutex/Monitor currently owned by a thread:  ([mutex/lock_event])
[0x0000023141153ca0] MetaspaceExpand_lock - owner thread: 0x0000023141159030

Heap address: 0x00000000c1400000, size: 1004 MB, Compressed Oops mode: 32-bit

CDS disabled.
Compressed class space mapped at: 0x0000000100000000-0x0000000140000000, reserved size: 1073741824
Narrow klass base: 0x0000000000000000, Narrow klass shift: 3, Narrow klass range: 0x140000000

GC Precious Log:
 CPUs: 4 total, 4 available
 Memory: 4009M
 Large Page Support: Disabled
 NUMA Support: Disabled
 Compressed Oops: Enabled (32-bit)
 Heap Region Size: 1M
 Heap Min Capacity: 8M
 Heap Initial Capacity: 64M
 Heap Max Capacity: 1004M
 Pre-touch: Disabled
 Parallel Workers: 4
 Concurrent Workers: 1
 Concurrent Refinement Workers: 4
 Periodic GC: Disabled

Heap:
 garbage-first heap   total 65536K, used 5120K [0x00000000c1400000, 0x0000000100000000)
  region size 1024K, 6 young (6144K), 0 survivors (0K)
 Metaspace       used 13085K, committed 13312K, reserved 1064960K
  class space    used 1337K, committed 1472K, reserved 1048576K

Heap Regions: E=young(eden), S=young(survivor), O=old, HS=humongous(starts), HC=humongous(continues), CS=collection set, F=free, OA=open archive, CA=closed archive, TAMS=top-at-mark-start (previous, next)
|   0|0x00000000c1400000, 0x00000000c1400000, 0x00000000c1500000|  0%| F|  |TAMS 0x00000000c1400000, 0x00000000c1400000| Untracked 
|   1|0x00000000c1500000, 0x00000000c1500000, 0x00000000c1600000|  0%| F|  |TAMS 0x00000000c1500000, 0x00000000c1500000| Untracked 
|   2|0x00000000c1600000, 0x00000000c1600000, 0x00000000c1700000|  0%| F|  |TAMS 0x00000000c1600000, 0x00000000c1600000| Untracked 
|   3|0x00000000c1700000, 0x00000000c1700000, 0x00000000c1800000|  0%| F|  |TAMS 0x00000000c1700000, 0x00000000c1700000| Untracked 
|   4|0x00000000c1800000, 0x00000000c1800000, 0x00000000c1900000|  0%| F|  |TAMS 0x00000000c1800000, 0x00000000c1800000| Untracked 
|   5|0x00000000c1900000, 0x00000000c1900000, 0x00000000c1a00000|  0%| F|  |TAMS 0x00000000c1900000, 0x00000000c1900000| Untracked 
|   6|0x00000000c1a00000, 0x00000000c1a00000, 0x00000000c1b00000|  0%| F|  |TAMS 0x00000000c1a00000, 0x00000000c1a00000| Untracked 
|   7|0x00000000c1b00000, 0x00000000c1b00000, 0x00000000c1c00000|  0%| F|  |TAMS 0x00000000c1b00000, 0x00000000c1b00000| Untracked 
|   8|0x00000000c1c00000, 0x00000000c1c00000, 0x00000000c1d00000|  0%| F|  |TAMS 0x00000000c1c00000, 0x00000000c1c00000| Untracked 
|   9|0x00000000c1d00000, 0x00000000c1d00000, 0x00000000c1e00000|  0%| F|  |TAMS 0x00000000c1d00000, 0x00000000c1d00000| Untracked 
|  10|0x00000000c1e00000, 0x00000000c1e00000, 0x00000000c1f00000|  0%| F|  |TAMS 0x00000000c1e00000, 0x00000000c1e00000| Untracked 
|  11|0x00000000c1f00000, 0x00000000c1f00000, 0x00000000c2000000|  0%| F|  |TAMS 0x00000000c1f00000, 0x00000000c1f00000| Untracked 
|  12|0x00000000c2000000, 0x00000000c2000000, 0x00000000c2100000|  0%| F|  |TAMS 0x00000000c2000000, 0x00000000c2000000| Untracked 
|  13|0x00000000c2100000, 0x00000000c2100000, 0x00000000c2200000|  0%| F|  |TAMS 0x00000000c2100000, 0x00000000c2100000| Untracked 
|  14|0x00000000c2200000, 0x00000000c2200000, 0x00000000c2300000|  0%| F|  |TAMS 0x00000000c2200000, 0x00000000c2200000| Untracked 
|  15|0x00000000c2300000, 0x00000000c2300000, 0x00000000c2400000|  0%| F|  |TAMS 0x00000000c2300000, 0x00000000c2300000| Untracked 
|  16|0x00000000c2400000, 0x00000000c2400000, 0x00000000c2500000|  0%| F|  |TAMS 0x00000000c2400000, 0x00000000c2400000| Untracked 
|  17|0x00000000c2500000, 0x00000000c2500000, 0x00000000c2600000|  0%| F|  |TAMS 0x00000000c2500000, 0x00000000c2500000| Untracked 
|  18|0x00000000c2600000, 0x00000000c2600000, 0x00000000c2700000|  0%| F|  |TAMS 0x00000000c2600000, 0x00000000c2600000| Untracked 
|  19|0x00000000c2700000, 0x00000000c2700000, 0x00000000c2800000|  0%| F|  |TAMS 0x00000000c2700000, 0x00000000c2700000| Untracked 
|  20|0x00000000c2800000, 0x00000000c2800000, 0x00000000c2900000|  0%| F|  |TAMS 0x00000000c2800000, 0x00000000c2800000| Untracked 
|  21|0x00000000c2900000, 0x00000000c2900000, 0x00000000c2a00000|  0%| F|  |TAMS 0x00000000c2900000, 0x00000000c2900000| Untracked 
|  22|0x00000000c2a00000, 0x00000000c2a00000, 0x00000000c2b00000|  0%| F|  |TAMS 0x00000000c2a00000, 0x00000000c2a00000| Untracked 
|  23|0x00000000c2b00000, 0x00000000c2b00000, 0x00000000c2c00000|  0%| F|  |TAMS 0x00000000c2b00000, 0x00000000c2b00000| Untracked 
|  24|0x00000000c2c00000, 0x00000000c2c00000, 0x00000000c2d00000|  0%| F|  |TAMS 0x00000000c2c00000, 0x00000000c2c00000| Untracked 
|  25|0x00000000c2d00000, 0x00000000c2d00000, 0x00000000c2e00000|  0%| F|  |TAMS 0x00000000c2d00000, 0x00000000c2d00000| Untracked 
|  26|0x00000000c2e00000, 0x00000000c2e00000, 0x00000000c2f00000|  0%| F|  |TAMS 0x00000000c2e00000, 0x00000000c2e00000| Untracked 
|  27|0x00000000c2f00000, 0x00000000c2f00000, 0x00000000c3000000|  0%| F|  |TAMS 0x00000000c2f00000, 0x00000000c2f00000| Untracked 
|  28|0x00000000c3000000, 0x00000000c3000000, 0x00000000c3100000|  0%| F|  |TAMS 0x00000000c3000000, 0x00000000c3000000| Untracked 
|  29|0x00000000c3100000, 0x00000000c3100000, 0x00000000c3200000|  0%| F|  |TAMS 0x00000000c3100000, 0x00000000c3100000| Untracked 
|  30|0x00000000c3200000, 0x00000000c3200000, 0x00000000c3300000|  0%| F|  |TAMS 0x00000000c3200000, 0x00000000c3200000| Untracked 
|  31|0x00000000c3300000, 0x00000000c3300000, 0x00000000c3400000|  0%| F|  |TAMS 0x00000000c3300000, 0x00000000c3300000| Untracked 
|  32|0x00000000c3400000, 0x00000000c3400000, 0x00000000c3500000|  0%| F|  |TAMS 0x00000000c3400000, 0x00000000c3400000| Untracked 
|  33|0x00000000c3500000, 0x00000000c3500000, 0x00000000c3600000|  0%| F|  |TAMS 0x00000000c3500000, 0x00000000c3500000| Untracked 
|  34|0x00000000c3600000, 0x00000000c3600000, 0x00000000c3700000|  0%| F|  |TAMS 0x00000000c3600000, 0x00000000c3600000| Untracked 
|  35|0x00000000c3700000, 0x00000000c3700000, 0x00000000c3800000|  0%| F|  |TAMS 0x00000000c3700000, 0x00000000c3700000| Untracked 
|  36|0x00000000c3800000, 0x00000000c3800000, 0x00000000c3900000|  0%| F|  |TAMS 0x00000000c3800000, 0x00000000c3800000| Untracked 
|  37|0x00000000c3900000, 0x00000000c3900000, 0x00000000c3a00000|  0%| F|  |TAMS 0x00000000c3900000, 0x00000000c3900000| Untracked 
|  38|0x00000000c3a00000, 0x00000000c3a00000, 0x00000000c3b00000|  0%| F|  |TAMS 0x00000000c3a00000, 0x00000000c3a00000| Untracked 
|  39|0x00000000c3b00000, 0x00000000c3b00000, 0x00000000c3c00000|  0%| F|  |TAMS 0x00000000c3b00000, 0x00000000c3b00000| Untracked 
|  40|0x00000000c3c00000, 0x00000000c3c00000, 0x00000000c3d00000|  0%| F|  |TAMS 0x00000000c3c00000, 0x00000000c3c00000| Untracked 
|  41|0x00000000c3d00000, 0x00000000c3d00000, 0x00000000c3e00000|  0%| F|  |TAMS 0x00000000c3d00000, 0x00000000c3d00000| Untracked 
|  42|0x00000000c3e00000, 0x00000000c3e00000, 0x00000000c3f00000|  0%| F|  |TAMS 0x00000000c3e00000, 0x00000000c3e00000| Untracked 
|  43|0x00000000c3f00000, 0x00000000c3f00000, 0x00000000c4000000|  0%| F|  |TAMS 0x00000000c3f00000, 0x00000000c3f00000| Untracked 
|  44|0x00000000c4000000, 0x00000000c4000000, 0x00000000c4100000|  0%| F|  |TAMS 0x00000000c4000000, 0x00000000c4000000| Untracked 
|  45|0x00000000c4100000, 0x00000000c4100000, 0x00000000c4200000|  0%| F|  |TAMS 0x00000000c4100000, 0x00000000c4100000| Untracked 
|  46|0x00000000c4200000, 0x00000000c4200000, 0x00000000c4300000|  0%| F|  |TAMS 0x00000000c4200000, 0x00000000c4200000| Untracked 
|  47|0x00000000c4300000, 0x00000000c4300000, 0x00000000c4400000|  0%| F|  |TAMS 0x00000000c4300000, 0x00000000c4300000| Untracked 
|  48|0x00000000c4400000, 0x00000000c4400000, 0x00000000c4500000|  0%| F|  |TAMS 0x00000000c4400000, 0x00000000c4400000| Untracked 
|  49|0x00000000c4500000, 0x00000000c4500000, 0x00000000c4600000|  0%| F|  |TAMS 0x00000000c4500000, 0x00000000c4500000| Untracked 
|  50|0x00000000c4600000, 0x00000000c4600000, 0x00000000c4700000|  0%| F|  |TAMS 0x00000000c4600000, 0x00000000c4600000| Untracked 
|  51|0x00000000c4700000, 0x00000000c4700000, 0x00000000c4800000|  0%| F|  |TAMS 0x00000000c4700000, 0x00000000c4700000| Untracked 
|  52|0x00000000c4800000, 0x00000000c4800000, 0x00000000c4900000|  0%| F|  |TAMS 0x00000000c4800000, 0x00000000c4800000| Untracked 
|  53|0x00000000c4900000, 0x00000000c4900000, 0x00000000c4a00000|  0%| F|  |TAMS 0x00000000c4900000, 0x00000000c4900000| Untracked 
|  54|0x00000000c4a00000, 0x00000000c4a00000, 0x00000000c4b00000|  0%| F|  |TAMS 0x00000000c4a00000, 0x00000000c4a00000| Untracked 
|  55|0x00000000c4b00000, 0x00000000c4b00000, 0x00000000c4c00000|  0%| F|  |TAMS 0x00000000c4b00000, 0x00000000c4b00000| Untracked 
|  56|0x00000000c4c00000, 0x00000000c4c00000, 0x00000000c4d00000|  0%| F|  |TAMS 0x00000000c4c00000, 0x00000000c4c00000| Untracked 
|  57|0x00000000c4d00000, 0x00000000c4d00000, 0x00000000c4e00000|  0%| F|  |TAMS 0x00000000c4d00000, 0x00000000c4d00000| Untracked 
|  58|0x00000000c4e00000, 0x00000000c4e62c80, 0x00000000c4f00000| 38%| E|  |TAMS 0x00000000c4e00000, 0x00000000c4e00000| Complete 
|  59|0x00000000c4f00000, 0x00000000c5000000, 0x00000000c5000000|100%| E|CS|TAMS 0x00000000c4f00000, 0x00000000c4f00000| Complete 
|  60|0x00000000c5000000, 0x00000000c5100000, 0x00000000c5100000|100%| E|CS|TAMS 0x00000000c5000000, 0x00000000c5000000| Complete 
|  61|0x00000000c5100000, 0x00000000c5200000, 0x00000000c5200000|100%| E|CS|TAMS 0x00000000c5100000, 0x00000000c5100000| Complete 
|  62|0x00000000c5200000, 0x00000000c5300000, 0x00000000c5300000|100%| E|CS|TAMS 0x00000000c5200000, 0x00000000c5200000| Complete 
|  63|0x00000000c5300000, 0x00000000c5400000, 0x00000000c5400000|100%| E|CS|TAMS 0x00000000c5300000, 0x00000000c5300000| Complete 

Card table byte_map: [0x00000231538e0000,0x0000023153ae0000] _byte_map_base: 0x00000231532d6000

Marking Bits (Prev, Next): (CMBitMap*) 0x00000231411876d0, (CMBitMap*) 0x0000023141187710
 Prev Bits: [0x0000023153ce0000, 0x0000023154c90000)
 Next Bits: [0x0000023154c90000, 0x0000023155c40000)

Polling page: 0x000002313eee0000

Metaspace:

Usage:
  Non-class:     11.47 MB used.
      Class:      1.31 MB used.
       Both:     12.78 MB used.

Virtual space:
  Non-class space:       16.00 MB reserved,      11.56 MB ( 72%) committed,  2 nodes.
      Class space:        1.00 GB reserved,       1.44 MB ( <1%) committed,  1 nodes.
              Both:        1.02 GB reserved,      13.00 MB (  1%) committed. 

Chunk freelists:
   Non-Class:  3.98 MB
       Class:  2.62 MB
        Both:  6.61 MB

MaxMetaspaceSize: 17179869184.00 GB
CompressedClassSpaceSize: 1.00 GB
 - commit_granule_bytes: 65536.
 - commit_granule_words: 8192.
 - virtual_space_node_default_size: 1048576.
 - enlarge_chunks_in_place: 1.
 - new_chunks_are_fully_committed: 0.
 - uncommit_free_chunks: 1.
 - use_allocation_guard: 0.
 - handle_deallocations: 1.


Internal statistics:

num_allocs_failed_limit: 0.
num_arena_births: 94.
num_arena_deaths: 0.
num_vsnodes_births: 3.
num_vsnodes_deaths: 0.
num_space_committed: 208.
num_space_uncommitted: 0.
num_chunks_returned_to_freelist: 0.
num_chunks_taken_from_freelist: 148.
num_chunk_merges: 0.
num_chunk_splits: 77.
num_chunks_enlarged: 38.
num_purges: 0.

CodeHeap 'non-profiled nmethods': size=120000Kb used=162Kb max_used=162Kb free=119837Kb
 bounds [0x000002314c1b0000, 0x000002314c420000, 0x00000231536e0000]
CodeHeap 'profiled nmethods': size=120000Kb used=927Kb max_used=927Kb free=119073Kb
 bounds [0x0000023144c80000, 0x0000023144ef0000, 0x000002314c1b0000]
CodeHeap 'non-nmethods': size=5760Kb used=1197Kb max_used=1212Kb free=4562Kb
 bounds [0x00000231446e0000, 0x0000023144950000, 0x0000023144c80000]
 total_blobs=1102 nmethods=603 adapters=412
 compilation: enabled
              stopped_count=0, restarted_count=0
 full_count=0

Compilation events (20 events):
Event: 1.177 Thread 0x000002315810cf60 nmethod 590 0x000002314c1d7210 code [0x000002314c1d73a0, 0x000002314c1d7598]
Event: 1.177 Thread 0x000002315810cf60  591       4       java.util.jar.Manifest$FastInputStream::readLine (296 bytes)
Event: 1.178 Thread 0x0000023158c0b970  594       3       java.util.ArrayList::<init> (12 bytes)
Event: 1.179 Thread 0x0000023158c0b970 nmethod 594 0x0000023144d61f90 code [0x0000023144d62140, 0x0000023144d623d8]
Event: 1.179 Thread 0x0000023158c0b970  595       3       jdk.internal.util.ArraysSupport::newLength (23 bytes)
Event: 1.179 Thread 0x0000023158c0b970 nmethod 595 0x0000023144d62510 code [0x0000023144d626e0, 0x0000023144d62aa8]
Event: 1.179 Thread 0x0000023158c0b970  596       3       java.util.ArrayList::grow (60 bytes)
Event: 1.180 Thread 0x0000023158c0b970 nmethod 596 0x0000023144d62c10 code [0x0000023144d62e20, 0x0000023144d635b8]
Event: 1.180 Thread 0x0000023158c0b970  597       3       sun.security.util.ManifestDigester::findSection (181 bytes)
Event: 1.180 Thread 0x0000023158c0b970 nmethod 597 0x0000023144d63810 code [0x0000023144d639e0, 0x0000023144d63e98]
Event: 1.180 Thread 0x0000023158c0b970  598       3       java.lang.invoke.Invokers$Holder::linkToTargetMethod (8 bytes)
Event: 1.180 Thread 0x0000023158c0b970 nmethod 598 0x0000023144d64010 code [0x0000023144d641c0, 0x0000023144d644b8]
Event: 1.180 Thread 0x0000023158c0b970  599       3       java.util.Objects::checkFromIndexSize (8 bytes)
Event: 1.180 Thread 0x0000023158c0b970 nmethod 599 0x0000023144d64590 code [0x0000023144d64740, 0x0000023144d64968]
Event: 1.180 Thread 0x0000023158c0b970  600       3       java.util.HashMap::computeIfAbsent (330 bytes)
Event: 1.182 Thread 0x0000023158c0b970 nmethod 600 0x0000023144d64a90 code [0x0000023144d64da0, 0x0000023144d66368]
Event: 1.182 Thread 0x0000023158c0b970  602       3       java.io.ByteArrayOutputStream::<init> (43 bytes)
Event: 1.183 Thread 0x0000023158c0b970 nmethod 602 0x0000023144d66990 code [0x0000023144d66be0, 0x0000023144d673f8]
Event: 1.183 Thread 0x0000023158c0b970  603       3       java.lang.invoke.LambdaForm$MH/0x00000001000c5000::invoke (8 bytes)
Event: 1.183 Thread 0x0000023158c0b970 nmethod 603 0x0000023144d67710 code [0x0000023144d678c0, 0x0000023144d67af8]

GC Heap History (0 events):
No events

Deoptimization events (4 events):
Event: 1.030 Thread 0x0000023141159030 Uncommon trap: trap_request=0xffffff45 fr.pc=0x000002314c1cf520 relative=0x0000000000000180
Event: 1.030 Thread 0x0000023141159030 Uncommon trap: reason=unstable_if action=reinterpret pc=0x000002314c1cf520 method=java.lang.String.equals(Ljava/lang/Object;)Z @ 33 c2
Event: 1.030 Thread 0x0000023141159030 DEOPT PACKING pc=0x000002314c1cf520 sp=0x00000034907ff0f0
Event: 1.030 Thread 0x0000023141159030 DEOPT UNPACKING pc=0x000002314472d72e sp=0x00000034907ff090 mode 2

Classes unloaded (0 events):
No events

Classes redefined (0 events):
No events

Internal exceptions (11 events):
Event: 0.529 Thread 0x0000023141159030 Exception <a 'java/lang/NoSuchMethodError'{0x00000000c52363a8}: 'void java.lang.invoke.DirectMethodHandle$Holder.invokeSpecial(java.lang.Object, java.lang.Object, java.lang.Object)'> (0x00000000c52363a8) 
thrown [t:\workspace\open\src\hotspot\share\interpreter\linkResolver.cpp, line 790]
Event: 0.650 Thread 0x0000023141159030 Exception <a 'java/lang/ClassNotFoundException'{0x00000000c5273140}: sun/awt/resources/spi/awtProvider> (0x00000000c5273140) 
thrown [t:\workspace\open\src\hotspot\share\classfile\systemDictionary.cpp, line 256]
Event: 0.728 Thread 0x0000023141159030 Exception <a 'java/io/FileNotFoundException'{0x00000000c52ceca8}> (0x00000000c52ceca8) 
thrown [t:\workspace\open\src\hotspot\share\prims\jni.cpp, line 579]
Event: 0.745 Thread 0x0000023141159030 Exception <a 'java/io/FileNotFoundException'{0x00000000c52fd5a0}> (0x00000000c52fd5a0) 
thrown [t:\workspace\open\src\hotspot\share\prims\jni.cpp, line 579]
Event: 0.747 Thread 0x0000023141159030 Exception <a 'java/lang/NoSuchMethodError'{0x00000000c52fe8d8}: 'java.lang.Object java.lang.invoke.DirectMethodHandle$Holder.invokeStatic(java.lang.Object)'> (0x00000000c52fe8d8) 
thrown [t:\workspace\open\src\hotspot\share\interpreter\linkResolver.cpp, line 790]
Event: 0.853 Thread 0x0000023141159030 Exception <a 'java/lang/NoSuchMethodError'{0x00000000c514a628}: 'java.lang.Object java.lang.invoke.DirectMethodHandle$Holder.invokeStaticInit(java.lang.Object)'> (0x00000000c514a628) 
thrown [t:\workspace\open\src\hotspot\share\interpreter\linkResolver.cpp, line 790]
Event: 0.932 Thread 0x0000023141159030 Exception <a 'java/lang/NoSuchMethodError'{0x00000000c5010040}: 'java.lang.Object java.lang.invoke.DirectMethodHandle$Holder.newInvokeSpecial(java.lang.Object, java.lang.Object, java.lang.Object, java.lang.Object, java.lang.Object)'> (0x00000000c5010040) 
thrown [t:\workspace\open\src\hotspot\share\interpreter\linkResolver.cpp, line 790]
Event: 0.935 Thread 0x0000023141159030 Exception <a 'java/lang/NoSuchMethodError'{0x00000000c501bb28}: 'java.lang.Object java.lang.invoke.DirectMethodHandle$Holder.invokeStatic(java.lang.Object, int, java.lang.Object, java.lang.Object, java.lang.Object, java.lang.Object)'> (0x00000000c501bb28) 
thrown [t:\workspace\open\src\hotspot\share\interpreter\linkResolver.cpp, line 790]
Event: 0.944 Thread 0x0000023141159030 Exception <a 'java/lang/NoSuchMethodError'{0x00000000c5041bf0}: 'java.lang.Object java.lang.invoke.DirectMethodHandle$Holder.invokeStatic(java.lang.Object, int, java.lang.Object)'> (0x00000000c5041bf0) 
thrown [t:\workspace\open\src\hotspot\share\interpreter\linkResolver.cpp, line 790]
Event: 0.993 Thread 0x0000023141159030 Exception <a 'java/lang/ClassNotFoundException'{0x00000000c50fa068}: com/sun/swing/internal/plaf/metal/resources/spi/metalProvider> (0x00000000c50fa068) 
thrown [t:\workspace\open\src\hotspot\share\classfile\systemDictionary.cpp, line 256]
Event: 0.996 Thread 0x0000023141159030 Exception <a 'java/lang/ClassNotFoundException'{0x00000000c50fe4b0}: com/sun/swing/internal/plaf/basic/resources/spi/basicProvider> (0x00000000c50fe4b0) 
thrown [t:\workspace\open\src\hotspot\share\classfile\systemDictionary.cpp, line 256]

Events (20 events):
Event: 1.184 loading class jdk/internal/math/FloatingDecimal done
Event: 1.184 loading class jdk/internal/math/FloatingDecimal$ExceptionalBinaryToASCIIBuffer
Event: 1.184 loading class jdk/internal/math/FloatingDecimal$BinaryToASCIIConverter
Event: 1.185 loading class jdk/internal/math/FloatingDecimal$BinaryToASCIIConverter done
Event: 1.185 loading class jdk/internal/math/FloatingDecimal$ExceptionalBinaryToASCIIBuffer done
Event: 1.185 loading class jdk/internal/math/FloatingDecimal$BinaryToASCIIBuffer
Event: 1.185 loading class jdk/internal/math/FloatingDecimal$BinaryToASCIIBuffer done
Event: 1.185 loading class jdk/internal/math/FloatingDecimal$1
Event: 1.185 loading class jdk/internal/math/FloatingDecimal$1 done
Event: 1.185 loading class jdk/internal/math/FloatingDecimal$PreparedASCIIToBinaryBuffer
Event: 1.185 loading class jdk/internal/math/FloatingDecimal$ASCIIToBinaryConverter
Event: 1.185 loading class jdk/internal/math/FloatingDecimal$ASCIIToBinaryConverter done
Event: 1.185 loading class jdk/internal/math/FloatingDecimal$PreparedASCIIToBinaryBuffer done
Event: 1.186 loading class jdk/internal/math/FloatingDecimal$ASCIIToBinaryBuffer
Event: 1.186 loading class jdk/internal/math/FloatingDecimal$ASCIIToBinaryBuffer done
Event: 1.186 loading class sun/security/jca/ProviderList$2
Event: 1.186 loading class sun/security/jca/ProviderList$2 done
Event: 1.186 loading class sun/security/provider/Sun
Event: 1.187 loading class sun/security/provider/Sun done
Event: 1.187 loading class sun/security/provider/SunEntries


Dynamic libraries:
0x00007ff66c880000 - 0x00007ff66c88e000 	C:\Users\ADMIN\.p2\pool\plugins\org.eclipse.justj.openjdk.hotspot.jre.full.win32.x86_64_16.0.2.v20210721-1149\jre\bin\javaw.exe
0x00007ff9515b0000 - 0x00007ff9517a5000 	C:\Windows\SYSTEM32\ntdll.dll
0x00007ff950380000 - 0x00007ff95043e000 	C:\Windows\System32\KERNEL32.DLL
0x00007ff94f070000 - 0x00007ff94f338000 	C:\Windows\System32\KERNELBASE.dll
0x00007ff94ecf0000 - 0x00007ff94edf0000 	C:\Windows\System32\ucrtbase.dll
0x00007ff946ae0000 - 0x00007ff946af8000 	C:\Users\ADMIN\.p2\pool\plugins\org.eclipse.justj.openjdk.hotspot.jre.full.win32.x86_64_16.0.2.v20210721-1149\jre\bin\jli.dll
0x00007ff951080000 - 0x00007ff951221000 	C:\Windows\System32\USER32.dll
0x00007ff94ecc0000 - 0x00007ff94ece2000 	C:\Windows\System32\win32u.dll
0x00007ff950f30000 - 0x00007ff950f5b000 	C:\Windows\System32\GDI32.dll
0x00007ff94ef60000 - 0x00007ff94f06d000 	C:\Windows\System32\gdi32full.dll
0x00007ff94f550000 - 0x00007ff94f5ed000 	C:\Windows\System32\msvcp_win.dll
0x00007ff942bb0000 - 0x00007ff942bc9000 	C:\Users\ADMIN\.p2\pool\plugins\org.eclipse.justj.openjdk.hotspot.jre.full.win32.x86_64_16.0.2.v20210721-1149\jre\bin\VCRUNTIME140.dll
0x00007ff943840000 - 0x00007ff943ada000 	C:\Windows\WinSxS\amd64_microsoft.windows.common-controls_6595b64144ccf1df_6.0.19041.1110_none_60b5254171f9507e\COMCTL32.dll
0x00007ff9512e0000 - 0x00007ff95137e000 	C:\Windows\System32\msvcrt.dll
0x00007ff94f720000 - 0x00007ff94f750000 	C:\Windows\System32\IMM32.DLL
0x00007ff947a10000 - 0x00007ff947a1c000 	C:\Users\ADMIN\.p2\pool\plugins\org.eclipse.justj.openjdk.hotspot.jre.full.win32.x86_64_16.0.2.v20210721-1149\jre\bin\vcruntime140_1.dll
0x00007ff93d7d0000 - 0x00007ff93d861000 	C:\Users\ADMIN\.p2\pool\plugins\org.eclipse.justj.openjdk.hotspot.jre.full.win32.x86_64_16.0.2.v20210721-1149\jre\bin\msvcp140.dll
0x00007ff90b170000 - 0x00007ff90bd1b000 	C:\Users\ADMIN\.p2\pool\plugins\org.eclipse.justj.openjdk.hotspot.jre.full.win32.x86_64_16.0.2.v20210721-1149\jre\bin\server\jvm.dll
0x00007ff94f610000 - 0x00007ff94f6be000 	C:\Windows\System32\ADVAPI32.dll
0x00007ff94f750000 - 0x00007ff94f7ec000 	C:\Windows\System32\sechost.dll
0x00007ff950250000 - 0x00007ff950375000 	C:\Windows\System32\RPCRT4.dll
0x00007ff950240000 - 0x00007ff950248000 	C:\Windows\System32\PSAPI.DLL
0x00007ff949060000 - 0x00007ff949069000 	C:\Windows\SYSTEM32\WSOCK32.dll
0x00007ff950970000 - 0x00007ff9509db000 	C:\Windows\System32\WS2_32.dll
0x00007ff933880000 - 0x00007ff9338a7000 	C:\Windows\SYSTEM32\WINMM.dll
0x00007ff93dde0000 - 0x00007ff93ddea000 	C:\Windows\SYSTEM32\VERSION.dll
0x00007ff94cbb0000 - 0x00007ff94cbc2000 	C:\Windows\SYSTEM32\kernel.appcore.dll
0x00007ff947b10000 - 0x00007ff947b1a000 	C:\Users\ADMIN\.p2\pool\plugins\org.eclipse.justj.openjdk.hotspot.jre.full.win32.x86_64_16.0.2.v20210721-1149\jre\bin\jimage.dll
0x00007ff93ba00000 - 0x00007ff93bbe4000 	C:\Windows\SYSTEM32\DBGHELP.DLL
0x00007ff93b840000 - 0x00007ff93b86c000 	C:\Windows\SYSTEM32\dbgcore.DLL
0x00007ff94eed0000 - 0x00007ff94ef52000 	C:\Windows\System32\bcryptPrimitives.dll
0x00007ff947800000 - 0x00007ff947825000 	C:\Users\ADMIN\.p2\pool\plugins\org.eclipse.justj.openjdk.hotspot.jre.full.win32.x86_64_16.0.2.v20210721-1149\jre\bin\java.dll
0x00007ff942b90000 - 0x00007ff942ba8000 	C:\Users\ADMIN\.p2\pool\plugins\org.eclipse.justj.openjdk.hotspot.jre.full.win32.x86_64_16.0.2.v20210721-1149\jre\bin\zip.dll
0x00007ff94faf0000 - 0x00007ff950234000 	C:\Windows\System32\SHELL32.dll
0x00007ff94cdb0000 - 0x00007ff94d545000 	C:\Windows\SYSTEM32\windows.storage.dll
0x00007ff9504c0000 - 0x00007ff950815000 	C:\Windows\System32\combase.dll
0x00007ff94e710000 - 0x00007ff94e73e000 	C:\Windows\SYSTEM32\Wldp.dll
0x00007ff94fa30000 - 0x00007ff94fadd000 	C:\Windows\System32\SHCORE.dll
0x00007ff950910000 - 0x00007ff950965000 	C:\Windows\System32\shlwapi.dll
0x00007ff94ec00000 - 0x00007ff94ec1f000 	C:\Windows\SYSTEM32\profapi.dll
0x00007ff940230000 - 0x00007ff940249000 	C:\Users\ADMIN\.p2\pool\plugins\org.eclipse.justj.openjdk.hotspot.jre.full.win32.x86_64_16.0.2.v20210721-1149\jre\bin\net.dll
0x00007ff93fc20000 - 0x00007ff93fd2c000 	C:\Windows\SYSTEM32\WINHTTP.dll
0x00007ff94e470000 - 0x00007ff94e4da000 	C:\Windows\system32\mswsock.dll
0x00007ff940210000 - 0x00007ff940223000 	C:\Users\ADMIN\.p2\pool\plugins\org.eclipse.justj.openjdk.hotspot.jre.full.win32.x86_64_16.0.2.v20210721-1149\jre\bin\nio.dll
0x00007ff920a40000 - 0x00007ff920bbf000 	C:\Users\ADMIN\.p2\pool\plugins\org.eclipse.justj.openjdk.hotspot.jre.full.win32.x86_64_16.0.2.v20210721-1149\jre\bin\awt.dll
0x00007ff950e60000 - 0x00007ff950f2d000 	C:\Windows\System32\OLEAUT32.dll
0x00007ff94c530000 - 0x00007ff94c5c0000 	C:\Windows\SYSTEM32\apphelp.dll
0x00007ff94c8c0000 - 0x00007ff94c8ef000 	C:\Windows\system32\DWMAPI.DLL
0x00007ff94c6d0000 - 0x00007ff94c76e000 	C:\Windows\system32\uxtheme.dll
0x00007ff940060000 - 0x00007ff940185000 	C:\Windows\system32\opengl32.dll
0x00007ff947970000 - 0x00007ff94799c000 	C:\Windows\SYSTEM32\GLU32.dll
0x00007ff950f60000 - 0x00007ff951075000 	C:\Windows\System32\MSCTF.dll
0x00007ff951440000 - 0x00007ff95156a000 	C:\Windows\System32\ole32.dll

dbghelp: loaded successfully - version: 4.0.5 - missing functions: none
symbol engine: initialized successfully - sym options: 0x614 - pdb path: .;C:\Users\ADMIN\.p2\pool\plugins\org.eclipse.justj.openjdk.hotspot.jre.full.win32.x86_64_16.0.2.v20210721-1149\jre\bin;C:\Windows\SYSTEM32;C:\Windows\WinSxS\amd64_microsoft.windows.common-controls_6595b64144ccf1df_6.0.19041.1110_none_60b5254171f9507e;C:\Users\ADMIN\.p2\pool\plugins\org.eclipse.justj.openjdk.hotspot.jre.full.win32.x86_64_16.0.2.v20210721-1149\jre\bin\server

VM Arguments:
jvm_args: -Dfile.encoding=UTF-8 -XX:+ShowCodeDetailsInExceptionMessages 
java_command: View.DetailBill
java_class_path (initial): C:\Users\ADMIN\java\JavaCK_QLCF\bin;D:\Downloads\sqljdbc_9.4.1.0_enu.zip;D:\Downloads\sqljdbc42 (1).jar;D:\Downloads\QuanLyQuanCaPhe\db\jcalendar-1.4.jar
Launcher Type: SUN_STANDARD

[Global flags]
     intx CICompilerCount                          = 3                                         {product} {ergonomic}
     uint ConcGCThreads                            = 1                                         {product} {ergonomic}
     uint G1ConcRefinementThreads                  = 4                                         {product} {ergonomic}
   size_t G1HeapRegionSize                         = 1048576                                   {product} {ergonomic}
    uintx GCDrainStackTargetSize                   = 64                                        {product} {ergonomic}
   size_t InitialHeapSize                          = 67108864                                  {product} {ergonomic}
   size_t MarkStackSize                            = 4194304                                   {product} {ergonomic}
   size_t MaxHeapSize                              = 1052770304                                {product} {ergonomic}
   size_t MaxNewSize                               = 631242752                                 {product} {ergonomic}
   size_t MinHeapDeltaBytes                        = 1048576                                   {product} {ergonomic}
   size_t MinHeapSize                              = 8388608                                   {product} {ergonomic}
    uintx NonNMethodCodeHeapSize                   = 5832780                                {pd product} {ergonomic}
    uintx NonProfiledCodeHeapSize                  = 122912730                              {pd product} {ergonomic}
    uintx ProfiledCodeHeapSize                     = 122912730                              {pd product} {ergonomic}
    uintx ReservedCodeCacheSize                    = 251658240                              {pd product} {ergonomic}
     bool SegmentedCodeCache                       = true                                      {product} {ergonomic}
     bool ShowCodeDetailsInExceptionMessages       = true                                   {manageable} {command line}
   size_t SoftMaxHeapSize                          = 1052770304                             {manageable} {ergonomic}
     bool UseCompressedClassPointers               = true                           {product lp64_product} {ergonomic}
     bool UseCompressedOops                        = true                           {product lp64_product} {ergonomic}
     bool UseG1GC                                  = true                                      {product} {ergonomic}
     bool UseLargePagesIndividualAllocation        = false                                  {pd product} {ergonomic}

Logging:
Log output configuration:
 #0: stdout all=warning uptime,level,tags
 #1: stderr all=off uptime,level,tags

Environment Variables:
JAVA_HOME=C:\Program Files\Eclipse Adoptium\jdk-17.0.1.12-hotspot\
PATH=C:/Users/ADMIN/.p2/pool/plugins/org.eclipse.justj.openjdk.hotspot.jre.full.win32.x86_64_16.0.2.v20210721-1149/jre/bin/server;C:/Users/ADMIN/.p2/pool/plugins/org.eclipse.justj.openjdk.hotspot.jre.full.win32.x86_64_16.0.2.v20210721-1149/jre/bin;C:\Program Files\Eclipse Adoptium\jdk-17.0.1.12-hotspot\bin;C:\Windows\system32;C:\Windows;C:\Windows\System32\Wbem;C:\Windows\System32\WindowsPowerShell\v1.0\;C:\Windows\System32\OpenSSH\;C:\Program Files\dotnet\;C:\Program Files\Microsoft SQL Server\130\Tools\Binn\;C:\Program Files\Microsoft SQL Server\Client SDK\ODBC\170\Tools\Binn\;C:\Program Files (x86)\dotnet\;C:\Program Files (x86)\Microsoft SQL Server\150\Tools\Binn\;C:\Program Files\Microsoft SQL Server\150\Tools\Binn\;C:\Program Files\Microsoft SQL Server\150\DTS\Binn\;C:\Program Files (x86)\Microsoft SQL Server\150\DTS\Binn\;C:\Program Files\Azure Data Studio\bin;C:\Users\ADMIN\AppData\Local\Microsoft\WindowsApps;C:\Users\ADMIN\.dotnet\tools;C:\Users\ADMIN\AppData\Local\Programs\Microsoft VS Code\bin;C:\Program Files\Azure Data Studio\bin;C:\Program Files (x86)\mingw-w64\i686-8.1.0-posix-dwarf-rt_v6-rev0\mingw32\bin;C:\Users\ADMIN\Desktop\Bt C;C:\Program Files (x86)\Dev-Cpp\MinGW64\bin\g++.exe;;D:\Java\IntelliJ IDEA Community Edition 2021.3\bin;;C:\Windows\System32;
USERNAME=ADMIN
OS=Windows_NT
PROCESSOR_IDENTIFIER=Intel64 Family 6 Model 60 Stepping 3, GenuineIntel



---------------  S Y S T E M  ---------------

OS:
 Windows 10 , 64 bit Build 19041 (10.0.19041.1466)
OS uptime: 3 days 5:59 hours

CPU: total 4 (initial active 4) (2 cores per cpu, 2 threads per core) family 6 model 60 stepping 3 microcode 0x27, cx8, cmov, fxsr, ht, mmx, sse, sse2, sse3, ssse3, sse4.1, sse4.2, popcnt, lzcnt, tsc, tscinvbit, avx, avx2, aes, erms, clmul, bmi1, bmi2, fma, vzeroupper, clflush

Memory: 4k page, system-wide physical 4009M (256M free)
TotalPageFile size 8201M (AvailPageFile size 6M)
current process WorkingSet (physical memory assigned to process): 52M, peak: 52M
current process commit charge ("private bytes"): 140M, peak: 141M

vm_info: OpenJDK 64-Bit Server VM (16.0.2+7-67) for windows-amd64 JRE (16.0.2+7-67), built on Jun  8 2021 23:21:43 by "mach5one" with MS VC++ 16.7 (VS2019)

END.
