#
# There is insufficient memory for the Java Runtime Environment to continue.
# Native memory allocation (malloc) failed to allocate 32744 bytes for ChunkPool::allocate
# Possible reasons:
#   The system is out of physical RAM or swap space
#   The process is running with CompressedOops enabled, and the Java Heap may be blocking the growth of the native heap
# Possible solutions:
#   Reduce memory load on the system
#   Increase physical memory or swap space
#   Check if swap backing store is full
#   Decrease Java heap size (-Xmx/-Xms)
#   Decrease number of Java threads
#   Decrease Java thread stack sizes (-Xss)
#   Set larger code cache with -XX:ReservedCodeCacheSize=
#   JVM is running with Unscaled Compressed Oops mode in which the Java heap is
#     placed in the first 4GB address space. The Java Heap base address is the
#     maximum limit for the native heap growth. Please use -XX:HeapBaseMinAddress
#     to set the Java Heap base and to place the Java Heap above 4GB virtual address.
# This output file may be truncated or incomplete.
#
#  Out of Memory Error (arena.cpp:79), pid=13432, tid=5620
#
# JRE version: OpenJDK Runtime Environment (16.0.2+7) (build 16.0.2+7-67)
# Java VM: OpenJDK 64-Bit Server VM (16.0.2+7-67, mixed mode, tiered, compressed oops, compressed class ptrs, g1 gc, windows-amd64)
# No core dump will be written. Minidumps are not enabled by default on client versions of Windows
#

---------------  S U M M A R Y ------------

Command Line: -Dfile.encoding=UTF-8 -XX:+ShowCodeDetailsInExceptionMessages View.Home

Host: Intel(R) Core(TM) i5-4200M CPU @ 2.50GHz, 4 cores, 3G,  Windows 10 , 64 bit Build 19041 (10.0.19041.1466)
Time: Tue Jan 25 08:22:50 2022 SE Asia Standard Time elapsed time: 35.935217 seconds (0d 0h 0m 35s)

---------------  T H R E A D  ---------------

Current thread (0x0000029ef795e1e0):  JavaThread "C1 CompilerThread0" daemon [_thread_in_native, id=5620, stack(0x000000cb26d00000,0x000000cb26e00000)]


Current CompileTask:
C1:  35935 2835       3       java.math.BigInteger::add (123 bytes)

Stack: [0x000000cb26d00000,0x000000cb26e00000]
Native frames: (J=compiled Java code, j=interpreted, Vv=VM code, C=native code)
V  [jvm.dll+0x6681ca]
V  [jvm.dll+0x7c9e69]
V  [jvm.dll+0x7cb61e]
V  [jvm.dll+0x7cbc73]
V  [jvm.dll+0x242c55]
V  [jvm.dll+0xae10f]
V  [jvm.dll+0xae45c]
V  [jvm.dll+0x16f9b7]
V  [jvm.dll+0x15c53e]
V  [jvm.dll+0x14a5c0]
V  [jvm.dll+0x133137]
V  [jvm.dll+0x132a5f]
V  [jvm.dll+0x132c99]
V  [jvm.dll+0x1320ff]
V  [jvm.dll+0x133ec1]
V  [jvm.dll+0x225158]
V  [jvm.dll+0x22319c]
V  [jvm.dll+0x77fa62]
V  [jvm.dll+0x7795aa]
V  [jvm.dll+0x667066]
C  [ucrtbase.dll+0x21bb2]
C  [KERNEL32.DLL+0x17034]
C  [ntdll.dll+0x52651]


---------------  P R O C E S S  ---------------

Threads class SMR info:
_java_thread_list=0x0000029ef8f70610, length=18, elements={
0x0000029ef78c6020, 0x0000029ef78c8ef0, 0x0000029ef78f7280, 0x0000029ef78f9ca0,
0x0000029ef78fa6a0, 0x0000029ef78fc0b0, 0x0000029ef78fcde0, 0x0000029ef795e1e0,
0x0000029ef795e740, 0x0000029ef850e5c0, 0x0000029ef8529420, 0x0000029ef883d3f0,
0x0000029ef883dab0, 0x0000029ef87f24f0, 0x0000029ef87f6df0, 0x0000029eef949030,
0x0000029ef8b03770, 0x0000029ef8c0ad10
}

Java Threads: ( => current thread )
  0x0000029ef78c6020 JavaThread "Reference Handler" daemon [_thread_blocked, id=9388, stack(0x000000cb26600000,0x000000cb26700000)]
  0x0000029ef78c8ef0 JavaThread "Finalizer" daemon [_thread_blocked, id=980, stack(0x000000cb26700000,0x000000cb26800000)]
  0x0000029ef78f7280 JavaThread "Signal Dispatcher" daemon [_thread_blocked, id=13860, stack(0x000000cb26800000,0x000000cb26900000)]
  0x0000029ef78f9ca0 JavaThread "Attach Listener" daemon [_thread_blocked, id=1040, stack(0x000000cb26900000,0x000000cb26a00000)]
  0x0000029ef78fa6a0 JavaThread "Service Thread" daemon [_thread_blocked, id=9000, stack(0x000000cb26a00000,0x000000cb26b00000)]
  0x0000029ef78fc0b0 JavaThread "Monitor Deflation Thread" daemon [_thread_blocked, id=12684, stack(0x000000cb26b00000,0x000000cb26c00000)]
  0x0000029ef78fcde0 JavaThread "C2 CompilerThread0" daemon [_thread_in_native, id=11128, stack(0x000000cb26c00000,0x000000cb26d00000)]
=>0x0000029ef795e1e0 JavaThread "C1 CompilerThread0" daemon [_thread_in_native, id=5620, stack(0x000000cb26d00000,0x000000cb26e00000)]
  0x0000029ef795e740 JavaThread "Sweeper thread" daemon [_thread_blocked, id=12500, stack(0x000000cb26e00000,0x000000cb26f00000)]
  0x0000029ef850e5c0 JavaThread "Notification Thread" daemon [_thread_blocked, id=7952, stack(0x000000cb26f00000,0x000000cb27000000)]
  0x0000029ef8529420 JavaThread "Common-Cleaner" daemon [_thread_blocked, id=11684, stack(0x000000cb27100000,0x000000cb27200000)]
  0x0000029ef883d3f0 JavaThread "Java2D Disposer" daemon [_thread_blocked, id=3244, stack(0x000000cb27200000,0x000000cb27300000)]
  0x0000029ef883dab0 JavaThread "AWT-Shutdown" [_thread_blocked, id=3004, stack(0x000000cb27300000,0x000000cb27400000)]
  0x0000029ef87f24f0 JavaThread "AWT-Windows" daemon [_thread_in_native, id=10944, stack(0x000000cb27400000,0x000000cb27500000)]
  0x0000029ef87f6df0 JavaThread "AWT-EventQueue-0" [_thread_in_native, id=9152, stack(0x000000cb27500000,0x000000cb27600000)]
  0x0000029eef949030 JavaThread "DestroyJavaVM" [_thread_blocked, id=13788, stack(0x000000cb25f00000,0x000000cb26000000)]
  0x0000029ef8b03770 JavaThread "Thread-0" [_thread_blocked, id=4020, stack(0x000000cb27800000,0x000000cb27900000)]
  0x0000029ef8c0ad10 JavaThread "TimerQueue" daemon [_thread_blocked, id=12232, stack(0x000000cb27c00000,0x000000cb27d00000)]

Other Threads:
  0x0000029ef78aff70 VMThread "VM Thread" [stack: 0x000000cb26500000,0x000000cb26600000] [id=9160]
  0x0000029ef8510af0 WatcherThread [stack: 0x000000cb27000000,0x000000cb27100000] [id=604]
  0x0000029eef976fe0 GCTaskThread "GC Thread#0" [stack: 0x000000cb26000000,0x000000cb26100000] [id=6160]
  0x0000029efb36d050 GCTaskThread "GC Thread#1" [stack: 0x000000cb27d00000,0x000000cb27e00000] [id=3580]
  0x0000029efb36d360 GCTaskThread "GC Thread#2" [stack: 0x000000cb27e00000,0x000000cb27f00000] [id=10316]
  0x0000029ef8fa5040 GCTaskThread "GC Thread#3" [stack: 0x000000cb27f00000,0x000000cb28000000] [id=9092]
  0x0000029eef97feb0 ConcurrentGCThread "G1 Main Marker" [stack: 0x000000cb26100000,0x000000cb26200000] [id=8072]
  0x0000029eef9819b0 ConcurrentGCThread "G1 Conc#0" [stack: 0x000000cb26200000,0x000000cb26300000] [id=5108]
  0x0000029eef9cf4b0 ConcurrentGCThread "G1 Refine#0" [stack: 0x000000cb26300000,0x000000cb26400000] [id=8892]
  0x0000029efb369cc0 ConcurrentGCThread "G1 Refine#1" [stack: 0x000000cb28000000,0x000000cb28100000] [id=13440]
  0x0000029eef9cff30 ConcurrentGCThread "G1 Service" [stack: 0x000000cb26400000,0x000000cb26500000] [id=4328]

Threads with active compile tasks:
C2 CompilerThread0    35994 2827       4       java.util.AbstractCollection::addAll (42 bytes)
C1 CompilerThread0    35994 2835       3       java.math.BigInteger::add (123 bytes)

VM state: not at safepoint (normal execution)

VM Mutex/Monitor currently owned by a thread: None

Heap address: 0x00000000c1400000, size: 1004 MB, Compressed Oops mode: 32-bit

CDS disabled.
Compressed class space mapped at: 0x0000000100000000-0x0000000140000000, reserved size: 1073741824
Narrow klass base: 0x0000000000000000, Narrow klass shift: 3, Narrow klass range: 0x140000000

GC Precious Log:
 CPUs: 4 total, 4 available
 Memory: 4009M
 Large Page Support: Disabled
 NUMA Support: Disabled
 Compressed Oops: Enabled (32-bit)
 Heap Region Size: 1M
 Heap Min Capacity: 8M
 Heap Initial Capacity: 64M
 Heap Max Capacity: 1004M
 Pre-touch: Disabled
 Parallel Workers: 4
 Concurrent Workers: 1
 Concurrent Refinement Workers: 4
 Periodic GC: Disabled

Heap:
 garbage-first heap   total 37888K, used 33331K [0x00000000c1400000, 0x0000000100000000)
  region size 1024K, 21 young (21504K), 1 survivors (1024K)
 Metaspace       used 28026K, committed 28288K, reserved 1081344K
  class space    used 2901K, committed 3008K, reserved 1048576K

Heap Regions: E=young(eden), S=young(survivor), O=old, HS=humongous(starts), HC=humongous(continues), CS=collection set, F=free, OA=open archive, CA=closed archive, TAMS=top-at-mark-start (previous, next)
|   0|0x00000000c1400000, 0x00000000c1500000, 0x00000000c1500000|100%|HS|  |TAMS 0x00000000c1500000, 0x00000000c1400000| Complete 
|   1|0x00000000c1500000, 0x00000000c1600000, 0x00000000c1600000|100%|HC|  |TAMS 0x00000000c1600000, 0x00000000c1500000| Complete 
|   2|0x00000000c1600000, 0x00000000c1700000, 0x00000000c1700000|100%|HC|  |TAMS 0x00000000c1700000, 0x00000000c1600000| Complete 
|   3|0x00000000c1700000, 0x00000000c1800000, 0x00000000c1800000|100%|HC|  |TAMS 0x00000000c1800000, 0x00000000c1700000| Complete 
|   4|0x00000000c1800000, 0x00000000c1900000, 0x00000000c1900000|100%| O|  |TAMS 0x00000000c1900000, 0x00000000c1800000| Untracked 
|   5|0x00000000c1900000, 0x00000000c1a00000, 0x00000000c1a00000|100%| O|  |TAMS 0x00000000c1a00000, 0x00000000c1900000| Untracked 
|   6|0x00000000c1a00000, 0x00000000c1b00000, 0x00000000c1b00000|100%| O|  |TAMS 0x00000000c1a1e000, 0x00000000c1a00000| Untracked 
|   7|0x00000000c1b00000, 0x00000000c1c00000, 0x00000000c1c00000|100%| O|  |TAMS 0x00000000c1b00000, 0x00000000c1b00000| Untracked 
|   8|0x00000000c1c00000, 0x00000000c1c34000, 0x00000000c1d00000| 20%| O|  |TAMS 0x00000000c1c00000, 0x00000000c1c00000| Untracked 
|   9|0x00000000c1d00000, 0x00000000c1e00000, 0x00000000c1e00000|100%|HS|  |TAMS 0x00000000c1d00000, 0x00000000c1d00000| Complete 
|  10|0x00000000c1e00000, 0x00000000c1f00000, 0x00000000c1f00000|100%|HC|  |TAMS 0x00000000c1e00000, 0x00000000c1e00000| Complete 
|  11|0x00000000c1f00000, 0x00000000c2000000, 0x00000000c2000000|100%|HC|  |TAMS 0x00000000c1f00000, 0x00000000c1f00000| Complete 
|  12|0x00000000c2000000, 0x00000000c2100000, 0x00000000c2100000|100%|HC|  |TAMS 0x00000000c2000000, 0x00000000c2000000| Complete 
|  13|0x00000000c2100000, 0x00000000c2200000, 0x00000000c2200000|100%|HC|  |TAMS 0x00000000c2100000, 0x00000000c2100000| Complete 
|  14|0x00000000c2200000, 0x00000000c2200000, 0x00000000c2300000|  0%| F|  |TAMS 0x00000000c2200000, 0x00000000c2200000| Untracked 
|  15|0x00000000c2300000, 0x00000000c2300000, 0x00000000c2400000|  0%| F|  |TAMS 0x00000000c2300000, 0x00000000c2300000| Untracked 
|  16|0x00000000c2400000, 0x00000000c24caae8, 0x00000000c2500000| 79%| E|  |TAMS 0x00000000c2400000, 0x00000000c2400000| Complete 
|  17|0x00000000c2500000, 0x00000000c2600000, 0x00000000c2600000|100%| E|CS|TAMS 0x00000000c2500000, 0x00000000c2500000| Complete 
|  18|0x00000000c2600000, 0x00000000c2700000, 0x00000000c2700000|100%| E|CS|TAMS 0x00000000c2600000, 0x00000000c2600000| Complete 
|  19|0x00000000c2700000, 0x00000000c2800000, 0x00000000c2800000|100%| E|CS|TAMS 0x00000000c2700000, 0x00000000c2700000| Complete 
|  20|0x00000000c2800000, 0x00000000c2900000, 0x00000000c2900000|100%| E|CS|TAMS 0x00000000c2800000, 0x00000000c2800000| Complete 
|  21|0x00000000c2900000, 0x00000000c2a00000, 0x00000000c2a00000|100%| E|CS|TAMS 0x00000000c2900000, 0x00000000c2900000| Complete 
|  22|0x00000000c2a00000, 0x00000000c2b00000, 0x00000000c2b00000|100%| E|CS|TAMS 0x00000000c2a00000, 0x00000000c2a00000| Complete 
|  23|0x00000000c2b00000, 0x00000000c2c00000, 0x00000000c2c00000|100%| E|CS|TAMS 0x00000000c2b00000, 0x00000000c2b00000| Complete 
|  24|0x00000000c2c00000, 0x00000000c2d00000, 0x00000000c2d00000|100%| E|CS|TAMS 0x00000000c2c00000, 0x00000000c2c00000| Complete 
|  25|0x00000000c2d00000, 0x00000000c2e00000, 0x00000000c2e00000|100%| E|CS|TAMS 0x00000000c2d00000, 0x00000000c2d00000| Complete 
|  26|0x00000000c2e00000, 0x00000000c2f00000, 0x00000000c2f00000|100%| E|CS|TAMS 0x00000000c2e00000, 0x00000000c2e00000| Complete 
|  27|0x00000000c2f00000, 0x00000000c3000000, 0x00000000c3000000|100%| E|CS|TAMS 0x00000000c2f00000, 0x00000000c2f00000| Complete 
|  28|0x00000000c3000000, 0x00000000c3100000, 0x00000000c3100000|100%| E|CS|TAMS 0x00000000c3000000, 0x00000000c3000000| Complete 
|  29|0x00000000c3100000, 0x00000000c3200000, 0x00000000c3200000|100%| E|CS|TAMS 0x00000000c3100000, 0x00000000c3100000| Complete 
|  30|0x00000000c3200000, 0x00000000c3300000, 0x00000000c3300000|100%| E|CS|TAMS 0x00000000c3200000, 0x00000000c3200000| Complete 
|  31|0x00000000c3300000, 0x00000000c3400000, 0x00000000c3400000|100%| E|CS|TAMS 0x00000000c3300000, 0x00000000c3300000| Complete 
|  32|0x00000000c3400000, 0x00000000c3500000, 0x00000000c3500000|100%| E|CS|TAMS 0x00000000c3400000, 0x00000000c3400000| Complete 
|  33|0x00000000c3500000, 0x00000000c3600000, 0x00000000c3600000|100%| E|CS|TAMS 0x00000000c3500000, 0x00000000c3500000| Complete 
|  34|0x00000000c3600000, 0x00000000c3700000, 0x00000000c3700000|100%| E|CS|TAMS 0x00000000c3600000, 0x00000000c3600000| Complete 
|  60|0x00000000c5000000, 0x00000000c5058d00, 0x00000000c5100000| 34%| S|CS|TAMS 0x00000000c5000000, 0x00000000c5000000| Complete 
|  63|0x00000000c5300000, 0x00000000c5400000, 0x00000000c5400000|100%| E|CS|TAMS 0x00000000c5300000, 0x00000000c5300000| Complete 

Card table byte_map: [0x0000029ef30d0000,0x0000029ef32d0000] _byte_map_base: 0x0000029ef2ac6000

Marking Bits (Prev, Next): (CMBitMap*) 0x0000029eef977710, (CMBitMap*) 0x0000029eef9776d0
 Prev Bits: [0x0000029ef4480000, 0x0000029ef5430000)
 Next Bits: [0x0000029ef34d0000, 0x0000029ef4480000)

Polling page: 0x0000029eef130000

Metaspace:

Usage:
  Non-class:     24.54 MB used.
      Class:      2.83 MB used.
       Both:     27.37 MB used.

Virtual space:
  Non-class space:       32.00 MB reserved,      24.69 MB ( 77%) committed,  4 nodes.
      Class space:        1.00 GB reserved,       2.94 MB ( <1%) committed,  1 nodes.
              Both:        1.03 GB reserved,      27.62 MB (  3%) committed. 

Chunk freelists:
   Non-Class:  2.92 MB
       Class:  1.01 MB
        Both:  3.93 MB

MaxMetaspaceSize: 17179869184.00 GB
CompressedClassSpaceSize: 1.00 GB
 - commit_granule_bytes: 65536.
 - commit_granule_words: 8192.
 - virtual_space_node_default_size: 1048576.
 - enlarge_chunks_in_place: 1.
 - new_chunks_are_fully_committed: 0.
 - uncommit_free_chunks: 1.
 - use_allocation_guard: 0.
 - handle_deallocations: 1.


Internal statistics:

num_allocs_failed_limit: 3.
num_arena_births: 166.
num_arena_deaths: 0.
num_vsnodes_births: 5.
num_vsnodes_deaths: 0.
num_space_committed: 442.
num_space_uncommitted: 0.
num_chunks_returned_to_freelist: 3.
num_chunks_taken_from_freelist: 372.
num_chunk_merges: 0.
num_chunk_splits: 202.
num_chunks_enlarged: 109.
num_purges: 0.

CodeHeap 'non-profiled nmethods': size=120000Kb used=909Kb max_used=909Kb free=119090Kb
 bounds [0x0000029e87ad0000, 0x0000029e87d40000, 0x0000029e8f000000]
CodeHeap 'profiled nmethods': size=120000Kb used=5536Kb max_used=5536Kb free=114463Kb
 bounds [0x0000029e805a0000, 0x0000029e80b10000, 0x0000029e87ad0000]
CodeHeap 'non-nmethods': size=5760Kb used=1374Kb max_used=1413Kb free=4385Kb
 bounds [0x0000029e80000000, 0x0000029e80270000, 0x0000029e805a0000]
 total_blobs=3524 nmethods=2815 adapters=620
 compilation: enabled
              stopped_count=0, restarted_count=0
 full_count=0

Compilation events (20 events):
Event: 31.267 Thread 0x0000029ef795e1e0 2820       3       sun.font.TrueTypeFont::getMapper (24 bytes)
Event: 31.267 Thread 0x0000029ef795e1e0 nmethod 2820 0x0000029e80b03b10 code [0x0000029e80b03cc0, 0x0000029e80b03f08]
Event: 31.267 Thread 0x0000029ef795e1e0 2821       3       sun.awt.SunToolkit::isDispatchThreadForAppContext (28 bytes)
Event: 31.268 Thread 0x0000029ef795e1e0 nmethod 2821 0x0000029e80b04010 code [0x0000029e80b04280, 0x0000029e80b04ce8]
Event: 31.273 Thread 0x0000029ef795e1e0 2822       3       sun.java2d.loops.ScaledBlit::getFromCache (49 bytes)
Event: 31.273 Thread 0x0000029ef795e1e0 nmethod 2822 0x0000029e80b05190 code [0x0000029e80b05380, 0x0000029e80b05868]
Event: 31.273 Thread 0x0000029ef795e1e0 2823       3       sun.awt.image.SunVolatileImage::createGraphics (27 bytes)
Event: 31.274 Thread 0x0000029ef795e1e0 nmethod 2823 0x0000029e80b05a10 code [0x0000029e80b05c20, 0x0000029e80b06318]
Event: 31.274 Thread 0x0000029ef795e1e0 2824       3       sun.awt.image.SunVolatileImage::getForeground (19 bytes)
Event: 31.275 Thread 0x0000029ef795e1e0 nmethod 2824 0x0000029e80b06590 code [0x0000029e80b06760, 0x0000029e80b06c88]
Event: 33.865 Thread 0x0000029ef78fcde0 2825       4       java.util.concurrent.locks.ReentrantLock$Sync::isHeldExclusively (16 bytes)
Event: 33.866 Thread 0x0000029ef78fcde0 nmethod 2825 0x0000029e87bb3210 code [0x0000029e87bb33a0, 0x0000029e87bb3458]
Event: 35.578 Thread 0x0000029ef795e1e0 2826       3       java.awt.Component::firePropertyChange (26 bytes)
Event: 35.579 Thread 0x0000029ef795e1e0 nmethod 2826 0x0000029e80b06e10 code [0x0000029e80b06fe0, 0x0000029e80b073e8]
Event: 35.924 Thread 0x0000029ef78fcde0 2827       4       java.util.AbstractCollection::addAll (42 bytes)
Event: 35.925 Thread 0x0000029ef795e1e0 2828       3       java.util.LinkedList::contains (14 bytes)
Event: 35.925 Thread 0x0000029ef795e1e0 nmethod 2828 0x0000029e80b07590 code [0x0000029e80b07740, 0x0000029e80b078e8]
Event: 35.926 Thread 0x0000029ef795e1e0 2829       3       sun.security.ssl.Record::putInt16 (31 bytes)
Event: 35.927 Thread 0x0000029ef795e1e0 nmethod 2829 0x0000029e80b07990 code [0x0000029e80b07b80, 0x0000029e80b08048]
Event: 35.931 Thread 0x0000029ef795e1e0 2835       3       java.math.BigInteger::add (123 bytes)

GC Heap History (4 events):
Event: 5.143 GC heap before
{Heap before GC invocations=0 (full 0):
 garbage-first heap   total 65536K, used 17408K [0x00000000c1400000, 0x0000000100000000)
  region size 1024K, 13 young (13312K), 0 survivors (0K)
 Metaspace       used 20039K, committed 20288K, reserved 1073152K
  class space    used 2097K, committed 2240K, reserved 1048576K
}
Event: 5.153 GC heap after
{Heap after GC invocations=1 (full 0):
 garbage-first heap   total 65536K, used 8312K [0x00000000c1400000, 0x0000000100000000)
  region size 1024K, 2 young (2048K), 2 survivors (2048K)
 Metaspace       used 20039K, committed 20288K, reserved 1073152K
  class space    used 2097K, committed 2240K, reserved 1048576K
}
Event: 5.309 GC heap before
{Heap before GC invocations=1 (full 0):
 garbage-first heap   total 65536K, used 10360K [0x00000000c1400000, 0x0000000100000000)
  region size 1024K, 5 young (5120K), 2 survivors (2048K)
 Metaspace       used 21077K, committed 21248K, reserved 1073152K
  class space    used 2183K, committed 2304K, reserved 1048576K
}
Event: 5.314 GC heap after
{Heap after GC invocations=2 (full 0):
 garbage-first heap   total 65536K, used 8755K [0x00000000c1400000, 0x0000000100000000)
  region size 1024K, 1 young (1024K), 1 survivors (1024K)
 Metaspace       used 21077K, committed 21248K, reserved 1073152K
  class space    used 2183K, committed 2304K, reserved 1048576K
}

Deoptimization events (20 events):
Event: 18.039 Thread 0x0000029ef87f6df0 Uncommon trap: trap_request=0xffffffde fr.pc=0x0000029e87b82898 relative=0x0000000000000518
Event: 18.039 Thread 0x0000029ef87f6df0 Uncommon trap: reason=class_check action=maybe_recompile pc=0x0000029e87b82898 method=sun.util.logging.PlatformLogger.isLoggable(Lsun/util/logging/PlatformLogger$Level;)Z @ 17 c2
Event: 18.039 Thread 0x0000029ef87f6df0 DEOPT PACKING pc=0x0000029e87b82898 sp=0x000000cb275fdec0
Event: 18.039 Thread 0x0000029ef87f6df0 DEOPT UNPACKING pc=0x0000029e8004d72e sp=0x000000cb275fde98 mode 2
Event: 18.039 Thread 0x0000029ef87f6df0 Uncommon trap: trap_request=0xffffffde fr.pc=0x0000029e87b82898 relative=0x0000000000000518
Event: 18.039 Thread 0x0000029ef87f6df0 Uncommon trap: reason=class_check action=maybe_recompile pc=0x0000029e87b82898 method=sun.util.logging.PlatformLogger.isLoggable(Lsun/util/logging/PlatformLogger$Level;)Z @ 17 c2
Event: 18.039 Thread 0x0000029ef87f6df0 DEOPT PACKING pc=0x0000029e87b82898 sp=0x000000cb275fdec0
Event: 18.039 Thread 0x0000029ef87f6df0 DEOPT UNPACKING pc=0x0000029e8004d72e sp=0x000000cb275fde98 mode 2
Event: 18.039 Thread 0x0000029ef87f6df0 Uncommon trap: trap_request=0xffffffde fr.pc=0x0000029e87b82898 relative=0x0000000000000518
Event: 18.039 Thread 0x0000029ef87f6df0 Uncommon trap: reason=class_check action=maybe_recompile pc=0x0000029e87b82898 method=sun.util.logging.PlatformLogger.isLoggable(Lsun/util/logging/PlatformLogger$Level;)Z @ 17 c2
Event: 18.039 Thread 0x0000029ef87f6df0 DEOPT PACKING pc=0x0000029e87b82898 sp=0x000000cb275fdbc0
Event: 18.039 Thread 0x0000029ef87f6df0 DEOPT UNPACKING pc=0x0000029e8004d72e sp=0x000000cb275fdb98 mode 2
Event: 18.039 Thread 0x0000029ef87f6df0 Uncommon trap: trap_request=0xffffffde fr.pc=0x0000029e87b82898 relative=0x0000000000000518
Event: 18.039 Thread 0x0000029ef87f6df0 Uncommon trap: reason=class_check action=maybe_recompile pc=0x0000029e87b82898 method=sun.util.logging.PlatformLogger.isLoggable(Lsun/util/logging/PlatformLogger$Level;)Z @ 17 c2
Event: 18.039 Thread 0x0000029ef87f6df0 DEOPT PACKING pc=0x0000029e87b82898 sp=0x000000cb275fdbc0
Event: 18.040 Thread 0x0000029ef87f6df0 DEOPT UNPACKING pc=0x0000029e8004d72e sp=0x000000cb275fdb98 mode 2
Event: 18.809 Thread 0x0000029ef87f6df0 Uncommon trap: trap_request=0xffffffde fr.pc=0x0000029e87b5123c relative=0x0000000000000f7c
Event: 18.809 Thread 0x0000029ef87f6df0 Uncommon trap: reason=class_check action=maybe_recompile pc=0x0000029e87b5123c method=java.util.regex.Pattern$Start.match(Ljava/util/regex/Matcher;ILjava/lang/CharSequence;)Z @ 44 c2
Event: 18.809 Thread 0x0000029ef87f6df0 DEOPT PACKING pc=0x0000029e87b5123c sp=0x000000cb275fdec0
Event: 18.809 Thread 0x0000029ef87f6df0 DEOPT UNPACKING pc=0x0000029e8004d72e sp=0x000000cb275fdea0 mode 2

Classes unloaded (0 events):
No events

Classes redefined (0 events):
No events

Internal exceptions (20 events):
Event: 0.857 Thread 0x0000029eef949030 Exception <a 'java/lang/NoSuchMethodError'{0x00000000c52ffa40}: 'java.lang.Object java.lang.invoke.DirectMethodHandle$Holder.invokeStatic(java.lang.Object)'> (0x00000000c52ffa40) 
thrown [t:\workspace\open\src\hotspot\share\interpreter\linkResolver.cpp, line 790]
Event: 1.839 Thread 0x0000029eef949030 Exception <a 'java/lang/NoSuchMethodError'{0x00000000c51407f8}: 'java.lang.Object java.lang.invoke.DirectMethodHandle$Holder.invokeStaticInit(java.lang.Object)'> (0x00000000c51407f8) 
thrown [t:\workspace\open\src\hotspot\share\interpreter\linkResolver.cpp, line 790]
Event: 2.216 Thread 0x0000029ef87f6df0 Exception <a 'java/lang/NoSuchMethodError'{0x00000000c507b808}: 'java.lang.Object java.lang.invoke.DirectMethodHandle$Holder.newInvokeSpecial(java.lang.Object, java.lang.Object, java.lang.Object, java.lang.Object, java.lang.Object)'> (0x00000000c507b808) 
thrown [t:\workspace\open\src\hotspot\share\interpreter\linkResolver.cpp, line 790]
Event: 2.222 Thread 0x0000029ef87f6df0 Exception <a 'java/lang/NoSuchMethodError'{0x00000000c5087670}: 'java.lang.Object java.lang.invoke.DirectMethodHandle$Holder.invokeStatic(java.lang.Object, int, java.lang.Object, java.lang.Object, java.lang.Object, java.lang.Object)'> (0x00000000c5087670) 
thrown [t:\workspace\open\src\hotspot\share\interpreter\linkResolver.cpp, line 790]
Event: 2.235 Thread 0x0000029ef87f6df0 Exception <a 'java/lang/NoSuchMethodError'{0x00000000c50ad738}: 'java.lang.Object java.lang.invoke.DirectMethodHandle$Holder.invokeStatic(java.lang.Object, int, java.lang.Object)'> (0x00000000c50ad738) 
thrown [t:\workspace\open\src\hotspot\share\interpreter\linkResolver.cpp, line 790]
Event: 2.332 Thread 0x0000029ef87f6df0 Exception <a 'java/lang/ClassNotFoundException'{0x00000000c4f65fb8}: com/sun/swing/internal/plaf/metal/resources/spi/metalProvider> (0x00000000c4f65fb8) 
thrown [t:\workspace\open\src\hotspot\share\classfile\systemDictionary.cpp, line 256]
Event: 2.336 Thread 0x0000029ef87f6df0 Exception <a 'java/lang/ClassNotFoundException'{0x00000000c4f6a400}: com/sun/swing/internal/plaf/basic/resources/spi/basicProvider> (0x00000000c4f6a400) 
thrown [t:\workspace\open\src\hotspot\share\classfile\systemDictionary.cpp, line 256]
Event: 2.399 Thread 0x0000029ef87f6df0 Exception <a 'java/lang/NoSuchMethodError'{0x00000000c4f8d428}: 'void java.lang.invoke.DirectMethodHandle$Holder.invokeStaticInit(java.lang.Object)'> (0x00000000c4f8d428) 
thrown [t:\workspace\open\src\hotspot\share\interpreter\linkResolver.cpp, line 790]
Event: 2.580 Thread 0x0000029ef88c5010 Exception <a 'java/lang/NoSuchMethodError'{0x00000000c4d61c50}: 'java.lang.Object java.lang.invoke.DirectMethodHandle$Holder.newInvokeSpecial(java.lang.Object, java.lang.Object, java.lang.Object, int, int, int, int, int)'> (0x00000000c4d61c50) 
thrown [t:\workspace\open\src\hotspot\share\interpreter\linkResolver.cpp, line 790]
Event: 2.945 Thread 0x0000029ef87f24f0 Exception <a 'java/lang/NoSuchMethodError'{0x00000000c5195280}: 'void java.lang.invoke.DirectMethodHandle$Holder.invokeVirtual(java.lang.Object, java.lang.Object)'> (0x00000000c5195280) 
thrown [t:\workspace\open\src\hotspot\share\interpreter\linkResolver.cpp, line 790]
Event: 5.135 Thread 0x0000029ef87f6df0 Exception <a 'java/lang/NoSuchMethodError'{0x00000000c47dfc18}: 'java.lang.Object java.lang.invoke.DirectMethodHandle$Holder.invokeInterface(java.lang.Object, java.lang.Object)'> (0x00000000c47dfc18) 
thrown [t:\workspace\open\src\hotspot\share\interpreter\linkResolver.cpp, line 790]
Event: 5.371 Thread 0x0000029ef87f6df0 Exception <a 'java/lang/NoSuchMethodError'{0x00000000c530eba0}: 'void java.lang.invoke.DirectMethodHandle$Holder.invokeStatic(java.lang.Object, java.lang.Object)'> (0x00000000c530eba0) 
thrown [t:\workspace\open\src\hotspot\share\interpreter\linkResolver.cpp, line 790]
Event: 5.383 Thread 0x0000029ef87f6df0 Exception <a 'java/lang/NoSuchMethodError'{0x00000000c531e9e8}: 'java.lang.Object java.lang.invoke.DirectMethodHandle$Holder.invokeStaticInit(java.lang.Object, int, int, int, int)'> (0x00000000c531e9e8) 
thrown [t:\workspace\open\src\hotspot\share\interpreter\linkResolver.cpp, line 790]
Event: 5.462 Thread 0x0000029ef87f6df0 Exception <a 'java/lang/NoSuchMethodError'{0x00000000c53541a8}: 'java.lang.Object java.lang.invoke.DirectMethodHandle$Holder.invokeStaticInit(java.lang.Object, java.lang.Object, int, int, int, int)'> (0x00000000c53541a8) 
thrown [t:\workspace\open\src\hotspot\share\interpreter\linkResolver.cpp, line 790]
Event: 5.537 Thread 0x0000029ef87f6df0 Exception <a 'sun/nio/fs/WindowsException'{0x00000000c351e980}> (0x00000000c351e980) 
thrown [t:\workspace\open\src\hotspot\share\prims\jni.cpp, line 579]
Event: 5.561 Thread 0x0000029ef87f6df0 Exception <a 'java/lang/NoSuchMethodError'{0x00000000c354b428}: 'int java.lang.invoke.DirectMethodHandle$Holder.invokeStaticInit(java.lang.Object, java.lang.Object, java.lang.Object, java.lang.Object)'> (0x00000000c354b428) 
thrown [t:\workspace\open\src\hotspot\share\interpreter\linkResolver.cpp, line 790]
Event: 5.563 Thread 0x0000029ef87f6df0 Exception <a 'java/lang/IncompatibleClassChangeError'{0x00000000c3555180}: Found class java.lang.Object, but interface was expected> (0x00000000c3555180) 
thrown [t:\workspace\open\src\hotspot\share\interpreter\linkResolver.cpp, line 857]
Event: 5.564 Thread 0x0000029ef87f6df0 Exception <a 'java/lang/NoSuchMethodError'{0x00000000c35583e8}: 'void java.lang.invoke.DirectMethodHandle$Holder.invokeStaticInit(java.lang.Object, java.lang.Object)'> (0x00000000c35583e8) 
thrown [t:\workspace\open\src\hotspot\share\interpreter\linkResolver.cpp, line 790]
Event: 5.566 Thread 0x0000029ef87f6df0 Exception <a 'java/lang/NoSuchMethodError'{0x00000000c355eb08}: 'int java.lang.invoke.DirectMethodHandle$Holder.invokeStaticInit(java.lang.Object, java.lang.Object)'> (0x00000000c355eb08) 
thrown [t:\workspace\open\src\hotspot\share\interpreter\linkResolver.cpp, line 790]
Event: 18.037 Thread 0x0000029ef87f6df0 Exception <a 'java/lang/NoSuchMethodError'{0x00000000c281f5e8}: 'int java.lang.invoke.DirectMethodHandle$Holder.invokeStatic(java.lang.Object)'> (0x00000000c281f5e8) 
thrown [t:\workspace\open\src\hotspot\share\interpreter\linkResolver.cpp, line 790]

Events (20 events):
Event: 22.931 loading class javax/swing/text/DefaultHighlighter$LayeredHighlightInfo done
Event: 22.979 Thread 0x0000029ef8c0a270 Thread exited: 0x0000029ef8c0a270
Event: 23.167 Executing  VM operation: Cleanup
Event: 23.167 Executing  VM operation: Cleanup done
Event: 24.167 Executing  VM operation: Cleanup
Event: 24.167 Executing  VM operation: Cleanup done
Event: 25.169 Executing  VM operation: Cleanup
Event: 25.169 Executing  VM operation: Cleanup done
Event: 26.175 Executing  VM operation: Cleanup
Event: 26.175 Executing  VM operation: Cleanup done
Event: 28.199 Executing  VM operation: Cleanup
Event: 28.199 Executing  VM operation: Cleanup done
Event: 29.203 Executing  VM operation: Cleanup
Event: 29.203 Executing  VM operation: Cleanup done
Event: 30.209 Executing  VM operation: Cleanup
Event: 30.209 Executing  VM operation: Cleanup done
Event: 31.211 Executing  VM operation: Cleanup
Event: 31.211 Executing  VM operation: Cleanup done
Event: 34.228 Executing  VM operation: Cleanup
Event: 34.228 Executing  VM operation: Cleanup done


Dynamic libraries:
0x00007ff7ab480000 - 0x00007ff7ab48e000 	C:\Users\ADMIN\.p2\pool\plugins\org.eclipse.justj.openjdk.hotspot.jre.full.win32.x86_64_16.0.2.v20210721-1149\jre\bin\javaw.exe
0x00007ff9515b0000 - 0x00007ff9517a5000 	C:\Windows\SYSTEM32\ntdll.dll
0x00007ff950380000 - 0x00007ff95043e000 	C:\Windows\System32\KERNEL32.DLL
0x00007ff94f070000 - 0x00007ff94f338000 	C:\Windows\System32\KERNELBASE.dll
0x00007ff94ecf0000 - 0x00007ff94edf0000 	C:\Windows\System32\ucrtbase.dll
0x00007ff949050000 - 0x00007ff949068000 	C:\Users\ADMIN\.p2\pool\plugins\org.eclipse.justj.openjdk.hotspot.jre.full.win32.x86_64_16.0.2.v20210721-1149\jre\bin\jli.dll
0x00007ff951080000 - 0x00007ff951221000 	C:\Windows\System32\USER32.dll
0x00007ff94ecc0000 - 0x00007ff94ece2000 	C:\Windows\System32\win32u.dll
0x00007ff950f30000 - 0x00007ff950f5b000 	C:\Windows\System32\GDI32.dll
0x00007ff94ef60000 - 0x00007ff94f06d000 	C:\Windows\System32\gdi32full.dll
0x00007ff94f550000 - 0x00007ff94f5ed000 	C:\Windows\System32\msvcp_win.dll
0x00007ff9479a0000 - 0x00007ff9479b9000 	C:\Users\ADMIN\.p2\pool\plugins\org.eclipse.justj.openjdk.hotspot.jre.full.win32.x86_64_16.0.2.v20210721-1149\jre\bin\VCRUNTIME140.dll
0x00007ff943840000 - 0x00007ff943ada000 	C:\Windows\WinSxS\amd64_microsoft.windows.common-controls_6595b64144ccf1df_6.0.19041.1110_none_60b5254171f9507e\COMCTL32.dll
0x00007ff9512e0000 - 0x00007ff95137e000 	C:\Windows\System32\msvcrt.dll
0x00007ff94f720000 - 0x00007ff94f750000 	C:\Windows\System32\IMM32.DLL
0x00007ff94c1f0000 - 0x00007ff94c1fc000 	C:\Users\ADMIN\.p2\pool\plugins\org.eclipse.justj.openjdk.hotspot.jre.full.win32.x86_64_16.0.2.v20210721-1149\jre\bin\vcruntime140_1.dll
0x00007ff944020000 - 0x00007ff9440b1000 	C:\Users\ADMIN\.p2\pool\plugins\org.eclipse.justj.openjdk.hotspot.jre.full.win32.x86_64_16.0.2.v20210721-1149\jre\bin\msvcp140.dll
0x00007ff908a30000 - 0x00007ff9095db000 	C:\Users\ADMIN\.p2\pool\plugins\org.eclipse.justj.openjdk.hotspot.jre.full.win32.x86_64_16.0.2.v20210721-1149\jre\bin\server\jvm.dll
0x00007ff94f610000 - 0x00007ff94f6be000 	C:\Windows\System32\ADVAPI32.dll
0x00007ff94f750000 - 0x00007ff94f7ec000 	C:\Windows\System32\sechost.dll
0x00007ff950250000 - 0x00007ff950375000 	C:\Windows\System32\RPCRT4.dll
0x00007ff950240000 - 0x00007ff950248000 	C:\Windows\System32\PSAPI.DLL
0x00007ff94c1e0000 - 0x00007ff94c1e9000 	C:\Windows\SYSTEM32\WSOCK32.dll
0x00007ff950970000 - 0x00007ff9509db000 	C:\Windows\System32\WS2_32.dll
0x00007ff933880000 - 0x00007ff9338a7000 	C:\Windows\SYSTEM32\WINMM.dll
0x00007ff93dde0000 - 0x00007ff93ddea000 	C:\Windows\SYSTEM32\VERSION.dll
0x00007ff94cbb0000 - 0x00007ff94cbc2000 	C:\Windows\SYSTEM32\kernel.appcore.dll
0x00007ff949030000 - 0x00007ff94903a000 	C:\Users\ADMIN\.p2\pool\plugins\org.eclipse.justj.openjdk.hotspot.jre.full.win32.x86_64_16.0.2.v20210721-1149\jre\bin\jimage.dll
0x00007ff93ba00000 - 0x00007ff93bbe4000 	C:\Windows\SYSTEM32\DBGHELP.DLL
0x00007ff93b840000 - 0x00007ff93b86c000 	C:\Windows\SYSTEM32\dbgcore.DLL
0x00007ff94eed0000 - 0x00007ff94ef52000 	C:\Windows\System32\bcryptPrimitives.dll
0x00007ff9477a0000 - 0x00007ff9477c5000 	C:\Users\ADMIN\.p2\pool\plugins\org.eclipse.justj.openjdk.hotspot.jre.full.win32.x86_64_16.0.2.v20210721-1149\jre\bin\java.dll
0x00007ff9476c0000 - 0x00007ff9476d8000 	C:\Users\ADMIN\.p2\pool\plugins\org.eclipse.justj.openjdk.hotspot.jre.full.win32.x86_64_16.0.2.v20210721-1149\jre\bin\zip.dll
0x00007ff94faf0000 - 0x00007ff950234000 	C:\Windows\System32\SHELL32.dll
0x00007ff94cdb0000 - 0x00007ff94d545000 	C:\Windows\SYSTEM32\windows.storage.dll
0x00007ff9504c0000 - 0x00007ff950815000 	C:\Windows\System32\combase.dll
0x00007ff94e710000 - 0x00007ff94e73e000 	C:\Windows\SYSTEM32\Wldp.dll
0x00007ff94fa30000 - 0x00007ff94fadd000 	C:\Windows\System32\SHCORE.dll
0x00007ff950910000 - 0x00007ff950965000 	C:\Windows\System32\shlwapi.dll
0x00007ff94ec00000 - 0x00007ff94ec1f000 	C:\Windows\SYSTEM32\profapi.dll
0x00007ff946a70000 - 0x00007ff946a89000 	C:\Users\ADMIN\.p2\pool\plugins\org.eclipse.justj.openjdk.hotspot.jre.full.win32.x86_64_16.0.2.v20210721-1149\jre\bin\net.dll
0x00007ff93fc20000 - 0x00007ff93fd2c000 	C:\Windows\SYSTEM32\WINHTTP.dll
0x00007ff94e470000 - 0x00007ff94e4da000 	C:\Windows\system32\mswsock.dll
0x00007ff9428e0000 - 0x00007ff9428f3000 	C:\Users\ADMIN\.p2\pool\plugins\org.eclipse.justj.openjdk.hotspot.jre.full.win32.x86_64_16.0.2.v20210721-1149\jre\bin\nio.dll
0x00007ff90adc0000 - 0x00007ff90af3f000 	C:\Users\ADMIN\.p2\pool\plugins\org.eclipse.justj.openjdk.hotspot.jre.full.win32.x86_64_16.0.2.v20210721-1149\jre\bin\awt.dll
0x00007ff950e60000 - 0x00007ff950f2d000 	C:\Windows\System32\OLEAUT32.dll
0x00007ff94c530000 - 0x00007ff94c5c0000 	C:\Windows\SYSTEM32\apphelp.dll
0x00007ff94c6d0000 - 0x00007ff94c76e000 	C:\Windows\system32\uxtheme.dll
0x00007ff950f60000 - 0x00007ff951075000 	C:\Windows\System32\MSCTF.dll
0x00007ff951440000 - 0x00007ff95156a000 	C:\Windows\System32\ole32.dll
0x00007ff94c8c0000 - 0x00007ff94c8ef000 	C:\Windows\system32\DWMAPI.DLL
0x00007ff941200000 - 0x00007ff941325000 	C:\Windows\system32\opengl32.dll
0x00007ff946810000 - 0x00007ff94683c000 	C:\Windows\SYSTEM32\GLU32.dll
0x00007ff924ed0000 - 0x00007ff924f59000 	C:\Users\ADMIN\.p2\pool\plugins\org.eclipse.justj.openjdk.hotspot.jre.full.win32.x86_64_16.0.2.v20210721-1149\jre\bin\freetype.dll
0x00007ff922310000 - 0x00007ff922406000 	C:\Users\ADMIN\.p2\pool\plugins\org.eclipse.justj.openjdk.hotspot.jre.full.win32.x86_64_16.0.2.v20210721-1149\jre\bin\harfbuzz.dll
0x00007ff93da70000 - 0x00007ff93da82000 	C:\Users\ADMIN\.p2\pool\plugins\org.eclipse.justj.openjdk.hotspot.jre.full.win32.x86_64_16.0.2.v20210721-1149\jre\bin\fontmanager.dll
0x00007ff942610000 - 0x00007ff942709000 	C:\Windows\SYSTEM32\textinputframework.dll
0x00007ff94baf0000 - 0x00007ff94be4e000 	C:\Windows\System32\CoreUIComponents.dll
0x00007ff94c2c0000 - 0x00007ff94c3b2000 	C:\Windows\System32\CoreMessaging.dll
0x00007ff94ae30000 - 0x00007ff94af84000 	C:\Windows\SYSTEM32\wintypes.dll
0x00007ff94d9b0000 - 0x00007ff94d9e3000 	C:\Windows\SYSTEM32\ntmarta.dll
0x00007ff91fe80000 - 0x00007ff920176000 	C:\Windows\System32\uiautomationcore.dll
0x00007ff94a2e0000 - 0x00007ff94a3d6000 	C:\Windows\System32\PROPSYS.dll
0x00007ff94e680000 - 0x00007ff94e68c000 	C:\Windows\SYSTEM32\CRYPTBASE.DLL
0x00007ff9278d0000 - 0x00007ff927936000 	C:\Windows\System32\OLEACC.dll
0x00007ff951230000 - 0x00007ff9512d9000 	C:\Windows\System32\clbcatq.dll
0x00007ff94e160000 - 0x00007ff94e22b000 	C:\Windows\SYSTEM32\DNSAPI.dll
0x00007ff94e110000 - 0x00007ff94e14b000 	C:\Windows\SYSTEM32\IPHLPAPI.DLL
0x00007ff94fae0000 - 0x00007ff94fae8000 	C:\Windows\System32\NSI.dll
0x00007ff93f6e0000 - 0x00007ff93f6ea000 	C:\Windows\System32\rasadhlp.dll
0x00007ff93fab0000 - 0x00007ff93fb2f000 	C:\Windows\System32\fwpuclnt.dll
0x00007ff94eea0000 - 0x00007ff94eec7000 	C:\Windows\System32\bcrypt.dll
0x00007ff94e660000 - 0x00007ff94e678000 	C:\Windows\SYSTEM32\CRYPTSP.dll
0x00007ff94dd80000 - 0x00007ff94ddb4000 	C:\Windows\system32\rsaenh.dll
0x00007ff94ebc0000 - 0x00007ff94ebee000 	C:\Windows\SYSTEM32\USERENV.dll
0x00007ff943de0000 - 0x00007ff943df7000 	C:\Windows\SYSTEM32\dhcpcsvc6.DLL
0x00007ff943eb0000 - 0x00007ff943ecd000 	C:\Windows\SYSTEM32\dhcpcsvc.DLL
0x00007ff9432f0000 - 0x00007ff9432fe000 	C:\Users\ADMIN\.p2\pool\plugins\org.eclipse.justj.openjdk.hotspot.jre.full.win32.x86_64_16.0.2.v20210721-1149\jre\bin\sunmscapi.dll
0x00007ff94f390000 - 0x00007ff94f4e6000 	C:\Windows\System32\CRYPT32.dll
0x00007ff94e780000 - 0x00007ff94e7a7000 	C:\Windows\SYSTEM32\ncrypt.dll
0x00007ff94e740000 - 0x00007ff94e77b000 	C:\Windows\SYSTEM32\NTASN1.dll
0x00007ff9066b0000 - 0x00007ff9066c7000 	C:\Windows\system32\napinsp.dll
0x00007ff906690000 - 0x00007ff9066ab000 	C:\Windows\system32\pnrpnsp.dll
0x00007ff944c20000 - 0x00007ff944c35000 	C:\Windows\system32\wshbth.dll
0x00007ff94a070000 - 0x00007ff94a08d000 	C:\Windows\system32\NLAapi.dll
0x00007ff9066d0000 - 0x00007ff9066e2000 	C:\Windows\System32\winrnr.dll
0x00007ff949b80000 - 0x00007ff949d34000 	C:\Windows\SYSTEM32\WindowsCodecs.dll
0x00007ff92ff60000 - 0x00007ff92ff9e000 	C:\Windows\system32\dataexchange.dll
0x00007ff94b0d0000 - 0x00007ff94b334000 	C:\Windows\system32\d3d11.dll
0x00007ff94b900000 - 0x00007ff94bae5000 	C:\Windows\system32\dcomp.dll
0x00007ff94d5b0000 - 0x00007ff94d6a4000 	C:\Windows\system32\dxgi.dll
0x00007ff949800000 - 0x00007ff949a01000 	C:\Windows\system32\twinapi.appcore.dll

dbghelp: loaded successfully - version: 4.0.5 - missing functions: none
symbol engine: initialized successfully - sym options: 0x614 - pdb path: .;C:\Users\ADMIN\.p2\pool\plugins\org.eclipse.justj.openjdk.hotspot.jre.full.win32.x86_64_16.0.2.v20210721-1149\jre\bin;C:\Windows\SYSTEM32;C:\Windows\WinSxS\amd64_microsoft.windows.common-controls_6595b64144ccf1df_6.0.19041.1110_none_60b5254171f9507e;C:\Users\ADMIN\.p2\pool\plugins\org.eclipse.justj.openjdk.hotspot.jre.full.win32.x86_64_16.0.2.v20210721-1149\jre\bin\server

VM Arguments:
jvm_args: -Dfile.encoding=UTF-8 -XX:+ShowCodeDetailsInExceptionMessages 
java_command: View.Home
java_class_path (initial): C:\Users\ADMIN\java\JavaCK_QLCF\bin;D:\Downloads\sqljdbc_9.4.1.0_enu.zip;D:\Downloads\sqljdbc42 (1).jar;D:\Downloads\QuanLyQuanCaPhe\db\jcalendar-1.4.jar
Launcher Type: SUN_STANDARD

[Global flags]
     intx CICompilerCount                          = 3                                         {product} {ergonomic}
     uint ConcGCThreads                            = 1                                         {product} {ergonomic}
     uint G1ConcRefinementThreads                  = 4                                         {product} {ergonomic}
   size_t G1HeapRegionSize                         = 1048576                                   {product} {ergonomic}
    uintx GCDrainStackTargetSize                   = 64                                        {product} {ergonomic}
   size_t InitialHeapSize                          = 67108864                                  {product} {ergonomic}
   size_t MarkStackSize                            = 4194304                                   {product} {ergonomic}
   size_t MaxHeapSize                              = 1052770304                                {product} {ergonomic}
   size_t MaxNewSize                               = 631242752                                 {product} {ergonomic}
   size_t MinHeapDeltaBytes                        = 1048576                                   {product} {ergonomic}
   size_t MinHeapSize                              = 8388608                                   {product} {ergonomic}
    uintx NonNMethodCodeHeapSize                   = 5832780                                {pd product} {ergonomic}
    uintx NonProfiledCodeHeapSize                  = 122912730                              {pd product} {ergonomic}
    uintx ProfiledCodeHeapSize                     = 122912730                              {pd product} {ergonomic}
    uintx ReservedCodeCacheSize                    = 251658240                              {pd product} {ergonomic}
     bool SegmentedCodeCache                       = true                                      {product} {ergonomic}
     bool ShowCodeDetailsInExceptionMessages       = true                                   {manageable} {command line}
   size_t SoftMaxHeapSize                          = 1052770304                             {manageable} {ergonomic}
     bool UseCompressedClassPointers               = true                           {product lp64_product} {ergonomic}
     bool UseCompressedOops                        = true                           {product lp64_product} {ergonomic}
     bool UseG1GC                                  = true                                      {product} {ergonomic}
     bool UseLargePagesIndividualAllocation        = false                                  {pd product} {ergonomic}

Logging:
Log output configuration:
 #0: stdout all=warning uptime,level,tags
 #1: stderr all=off uptime,level,tags

Environment Variables:
JAVA_HOME=C:\Program Files\Eclipse Adoptium\jdk-17.0.1.12-hotspot\
PATH=C:/Users/ADMIN/.p2/pool/plugins/org.eclipse.justj.openjdk.hotspot.jre.full.win32.x86_64_16.0.2.v20210721-1149/jre/bin/server;C:/Users/ADMIN/.p2/pool/plugins/org.eclipse.justj.openjdk.hotspot.jre.full.win32.x86_64_16.0.2.v20210721-1149/jre/bin;C:\Program Files\Eclipse Adoptium\jdk-17.0.1.12-hotspot\bin;C:\Windows\system32;C:\Windows;C:\Windows\System32\Wbem;C:\Windows\System32\WindowsPowerShell\v1.0\;C:\Windows\System32\OpenSSH\;C:\Program Files\dotnet\;C:\Program Files\Microsoft SQL Server\130\Tools\Binn\;C:\Program Files\Microsoft SQL Server\Client SDK\ODBC\170\Tools\Binn\;C:\Program Files (x86)\dotnet\;C:\Program Files (x86)\Microsoft SQL Server\150\Tools\Binn\;C:\Program Files\Microsoft SQL Server\150\Tools\Binn\;C:\Program Files\Microsoft SQL Server\150\DTS\Binn\;C:\Program Files (x86)\Microsoft SQL Server\150\DTS\Binn\;C:\Program Files\Azure Data Studio\bin;C:\Users\ADMIN\AppData\Local\Microsoft\WindowsApps;C:\Users\ADMIN\.dotnet\tools;C:\Users\ADMIN\AppData\Local\Programs\Microsoft VS Code\bin;C:\Program Files\Azure Data Studio\bin;C:\Program Files (x86)\mingw-w64\i686-8.1.0-posix-dwarf-rt_v6-rev0\mingw32\bin;C:\Users\ADMIN\Desktop\Bt C;C:\Program Files (x86)\Dev-Cpp\MinGW64\bin\g++.exe;;D:\Java\IntelliJ IDEA Community Edition 2021.3\bin;;C:\Windows\System32;
USERNAME=ADMIN
OS=Windows_NT
PROCESSOR_IDENTIFIER=Intel64 Family 6 Model 60 Stepping 3, GenuineIntel



---------------  S Y S T E M  ---------------

OS:
 Windows 10 , 64 bit Build 19041 (10.0.19041.1466)
OS uptime: 2 days 17:25 hours

CPU: total 4 (initial active 4) (2 cores per cpu, 2 threads per core) family 6 model 60 stepping 3 microcode 0x27, cx8, cmov, fxsr, ht, mmx, sse, sse2, sse3, ssse3, sse4.1, sse4.2, popcnt, lzcnt, tsc, tscinvbit, avx, avx2, aes, erms, clmul, bmi1, bmi2, fma, vzeroupper, clflush

Memory: 4k page, system-wide physical 4009M (244M free)
TotalPageFile size 8201M (AvailPageFile size 0M)
current process WorkingSet (physical memory assigned to process): 129M, peak: 140M
current process commit charge ("private bytes"): 149M, peak: 162M

vm_info: OpenJDK 64-Bit Server VM (16.0.2+7-67) for windows-amd64 JRE (16.0.2+7-67), built on Jun  8 2021 23:21:43 by "mach5one" with MS VC++ 16.7 (VS2019)

END.
